ARM GAS  C:\Users\kratz\AppData\Local\Temp\ccvhcCgb.s 			page 1


   1              		.syntax unified
   2              		.cpu cortex-m0
   3              		.fpu softvfp
   4              		.eabi_attribute 20, 1
   5              		.eabi_attribute 21, 1
   6              		.eabi_attribute 23, 3
   7              		.eabi_attribute 24, 1
   8              		.eabi_attribute 25, 1
   9              		.eabi_attribute 26, 1
  10              		.eabi_attribute 30, 1
  11              		.eabi_attribute 34, 0
  12              		.eabi_attribute 18, 4
  13              		.thumb
  14              		.syntax unified
  15              		.file	"MotorDrive.c"
  16              		.text
  17              	.Ltext0:
  18              		.cfi_sections	.debug_frame
  19              		.section	.text.set_PWM,"ax",%progbits
  20              		.align	2
  21              		.global	set_PWM
  22              		.code	16
  23              		.thumb_func
  24              		.type	set_PWM, %function
  25              	set_PWM:
  26              	.LFB35:
  27              		.file 1 "MotorDrive.c"
   1:MotorDrive.c  **** /* ========================================
   2:MotorDrive.c  ****  *
   3:MotorDrive.c  ****  * Copyright YOUR COMPANY, THE YEAR
   4:MotorDrive.c  ****  * All Rights Reserved
   5:MotorDrive.c  ****  * UNPUBLISHED, LICENSED SOFTWARE.
   6:MotorDrive.c  ****  *
   7:MotorDrive.c  ****  * CONFIDENTIAL AND PROPRIETARY INFORMATION
   8:MotorDrive.c  ****  * WHICH IS THE PROPERTY OF your company.
   9:MotorDrive.c  ****  *
  10:MotorDrive.c  ****  * ========================================
  11:MotorDrive.c  **** */
  12:MotorDrive.c  **** //#include "cyapicallbacks.h"
  13:MotorDrive.c  **** #include <project.h>
  14:MotorDrive.c  **** #include <stdio.h>
  15:MotorDrive.c  **** #include "main.h"
  16:MotorDrive.c  **** #include <stdint.h>
  17:MotorDrive.c  **** #include "MotorDrive.h"
  18:MotorDrive.c  **** 
  19:MotorDrive.c  **** uint8_t invalidate = 0;
  20:MotorDrive.c  **** extern char txData[TX_DATA_SIZE];
  21:MotorDrive.c  **** 
  22:MotorDrive.c  **** int32_t currentPWM = 0;
  23:MotorDrive.c  **** 
  24:MotorDrive.c  **** 
  25:MotorDrive.c  **** void set_PWM(int16_t compare, uint8_t disable_limit, uint8 limitSW) {
  28              		.loc 1 25 0
  29              		.cfi_startproc
  30              		@ args = 0, pretend = 0, frame = 0
  31              		@ frame_needed = 0, uses_anonymous_args = 0
  32              	.LVL0:
ARM GAS  C:\Users\kratz\AppData\Local\Temp\ccvhcCgb.s 			page 2


  33 0000 10B5     		push	{r4, lr}
  34              		.cfi_def_cfa_offset 8
  35              		.cfi_offset 4, -8
  36              		.cfi_offset 14, -4
  37 0002 0400     		movs	r4, r0
  26:MotorDrive.c  ****     #ifdef PRINT_PWM_COMMAND
  27:MotorDrive.c  ****     sprintf(txData, "PWM:%d disable_limit: %d\r\n",compare,disable_limit);
  28:MotorDrive.c  ****     UART_UartPutString(txData); 
  29:MotorDrive.c  ****     #endif
  30:MotorDrive.c  ****     
  31:MotorDrive.c  ****     invalidate = 0;
  38              		.loc 1 31 0
  39 0004 0020     		movs	r0, #0
  40              	.LVL1:
  41 0006 134B     		ldr	r3, .L7
  42 0008 1870     		strb	r0, [r3]
  32:MotorDrive.c  ****     if (compare < 0 && (!(limitSW & 0b01) || disable_limit) ) {
  43              		.loc 1 32 0
  44 000a 002C     		cmp	r4, #0
  45 000c 0CDA     		bge	.L2
  46              		.loc 1 32 0 is_stmt 0 discriminator 1
  47 000e D307     		lsls	r3, r2, #31
  48 0010 01D5     		bpl	.L3
  49              		.loc 1 32 0 discriminator 2
  50 0012 0029     		cmp	r1, #0
  51 0014 08D0     		beq	.L2
  52              	.L3:
  53              	.LBB2:
  33:MotorDrive.c  ****         Pin_Direction_Write(0);
  54              		.loc 1 33 0 is_stmt 1
  55 0016 0020     		movs	r0, #0
  56 0018 FFF7FEFF 		bl	Pin_Direction_Write
  57              	.LVL2:
  34:MotorDrive.c  ****         currentPWM = compare;
  58              		.loc 1 34 0
  59 001c 0D4B     		ldr	r3, .L7
  60 001e 5C60     		str	r4, [r3, #4]
  35:MotorDrive.c  ****         PWM_Motor_WriteCompare(-compare);
  61              		.loc 1 35 0
  62 0020 6042     		rsbs	r0, r4, #0
  63 0022 FFF7FEFF 		bl	PWM_Motor_WriteCompare
  64              	.LVL3:
  65              	.LBE2:
  32:MotorDrive.c  ****         Pin_Direction_Write(0);
  66              		.loc 1 32 0
  67 0026 14E0     		b	.L1
  68              	.LVL4:
  69              	.L2:
  36:MotorDrive.c  ****     } else if (compare > 0 && (!(limitSW & 0b10) || disable_limit) ){
  70              		.loc 1 36 0
  71 0028 002C     		cmp	r4, #0
  72 002a 0CDD     		ble	.L5
  73              		.loc 1 36 0 is_stmt 0 discriminator 1
  74 002c 9307     		lsls	r3, r2, #30
  75 002e 01D5     		bpl	.L6
  76              		.loc 1 36 0 discriminator 2
  77 0030 0029     		cmp	r1, #0
ARM GAS  C:\Users\kratz\AppData\Local\Temp\ccvhcCgb.s 			page 3


  78 0032 08D0     		beq	.L5
  79              	.L6:
  80              	.LBB3:
  37:MotorDrive.c  ****         Pin_Direction_Write(1);
  81              		.loc 1 37 0 is_stmt 1
  82 0034 0120     		movs	r0, #1
  83 0036 FFF7FEFF 		bl	Pin_Direction_Write
  84              	.LVL5:
  38:MotorDrive.c  ****         currentPWM = compare;
  85              		.loc 1 38 0
  86 003a 064B     		ldr	r3, .L7
  87 003c 5C60     		str	r4, [r3, #4]
  39:MotorDrive.c  ****         PWM_Motor_WriteCompare(compare);
  88              		.loc 1 39 0
  89 003e 2000     		movs	r0, r4
  90 0040 FFF7FEFF 		bl	PWM_Motor_WriteCompare
  91              	.LVL6:
  92              	.LBE3:
  36:MotorDrive.c  ****         Pin_Direction_Write(1);
  93              		.loc 1 36 0
  94 0044 05E0     		b	.L1
  95              	.LVL7:
  96              	.L5:
  97              	.LBB4:
  40:MotorDrive.c  ****     } else {
  41:MotorDrive.c  ****         currentPWM = 0;
  98              		.loc 1 41 0
  99 0046 0022     		movs	r2, #0
 100              	.LVL8:
 101 0048 024B     		ldr	r3, .L7
 102 004a 5A60     		str	r2, [r3, #4]
  42:MotorDrive.c  ****         PWM_Motor_WriteCompare(0);
 103              		.loc 1 42 0
 104 004c 0020     		movs	r0, #0
 105 004e FFF7FEFF 		bl	PWM_Motor_WriteCompare
 106              	.LVL9:
 107              	.L1:
 108              	.LBE4:
  43:MotorDrive.c  ****     }
  44:MotorDrive.c  **** }
 109              		.loc 1 44 0
 110              		@ sp needed
 111 0052 10BD     		pop	{r4, pc}
 112              	.L8:
 113              		.align	2
 114              	.L7:
 115 0054 00000000 		.word	.LANCHOR0
 116              		.cfi_endproc
 117              	.LFE35:
 118              		.size	set_PWM, .-set_PWM
 119              		.section	.text.GetCurrentPWM,"ax",%progbits
 120              		.align	2
 121              		.global	GetCurrentPWM
 122              		.code	16
 123              		.thumb_func
 124              		.type	GetCurrentPWM, %function
 125              	GetCurrentPWM:
ARM GAS  C:\Users\kratz\AppData\Local\Temp\ccvhcCgb.s 			page 4


 126              	.LFB36:
  45:MotorDrive.c  **** 
  46:MotorDrive.c  **** int16_t GetCurrentPWM() {
 127              		.loc 1 46 0
 128              		.cfi_startproc
 129              		@ args = 0, pretend = 0, frame = 0
 130              		@ frame_needed = 0, uses_anonymous_args = 0
 131              		@ link register save eliminated.
  47:MotorDrive.c  ****     return currentPWM;
 132              		.loc 1 47 0
 133 0000 014B     		ldr	r3, .L10
 134 0002 0420     		movs	r0, #4
 135 0004 185E     		ldrsh	r0, [r3, r0]
  48:MotorDrive.c  **** }
 136              		.loc 1 48 0
 137              		@ sp needed
 138 0006 7047     		bx	lr
 139              	.L11:
 140              		.align	2
 141              	.L10:
 142 0008 00000000 		.word	.LANCHOR0
 143              		.cfi_endproc
 144              	.LFE36:
 145              		.size	GetCurrentPWM, .-GetCurrentPWM
 146              		.global	currentPWM
 147              		.global	invalidate
 148              		.bss
 149              		.align	2
 150              		.set	.LANCHOR0,. + 0
 151              		.type	invalidate, %object
 152              		.size	invalidate, 1
 153              	invalidate:
 154 0000 00       		.space	1
 155 0001 000000   		.space	3
 156              		.type	currentPWM, %object
 157              		.size	currentPWM, 4
 158              	currentPWM:
 159 0004 00000000 		.space	4
 160              		.text
 161              	.Letext0:
 162              		.file 2 "c:\\program files (x86)\\cypress\\psoc creator\\4.4\\psoc creator\\import\\gnu\\arm\\5.4.
 163              		.file 3 "c:\\program files (x86)\\cypress\\psoc creator\\4.4\\psoc creator\\import\\gnu\\arm\\5.4.
 164              		.file 4 "Generated_Source\\PSoC4/cytypes.h"
 165              		.file 5 "Generated_Source\\PSoC4/Pin_Direction.h"
 166              		.section	.debug_info,"",%progbits
 167              	.Ldebug_info0:
 168 0000 18020000 		.4byte	0x218
 169 0004 0400     		.2byte	0x4
 170 0006 00000000 		.4byte	.Ldebug_abbrev0
 171 000a 04       		.byte	0x4
 172 000b 01       		.uleb128 0x1
 173 000c 44010000 		.4byte	.LASF28
 174 0010 0C       		.byte	0xc
 175 0011 92000000 		.4byte	.LASF29
 176 0015 0A000000 		.4byte	.LASF30
 177 0019 00000000 		.4byte	.Ldebug_ranges0+0
 178 001d 00000000 		.4byte	0
ARM GAS  C:\Users\kratz\AppData\Local\Temp\ccvhcCgb.s 			page 5


 179 0021 00000000 		.4byte	.Ldebug_line0
 180 0025 02       		.uleb128 0x2
 181 0026 01       		.byte	0x1
 182 0027 06       		.byte	0x6
 183 0028 A5000000 		.4byte	.LASF0
 184 002c 03       		.uleb128 0x3
 185 002d 00000000 		.4byte	.LASF2
 186 0031 02       		.byte	0x2
 187 0032 1D       		.byte	0x1d
 188 0033 37000000 		.4byte	0x37
 189 0037 02       		.uleb128 0x2
 190 0038 01       		.byte	0x1
 191 0039 08       		.byte	0x8
 192 003a BF000000 		.4byte	.LASF1
 193 003e 03       		.uleb128 0x3
 194 003f 60000000 		.4byte	.LASF3
 195 0043 02       		.byte	0x2
 196 0044 29       		.byte	0x29
 197 0045 49000000 		.4byte	0x49
 198 0049 02       		.uleb128 0x2
 199 004a 02       		.byte	0x2
 200 004b 05       		.byte	0x5
 201 004c F6010000 		.4byte	.LASF4
 202 0050 02       		.uleb128 0x2
 203 0051 02       		.byte	0x2
 204 0052 07       		.byte	0x7
 205 0053 74000000 		.4byte	.LASF5
 206 0057 03       		.uleb128 0x3
 207 0058 6A000000 		.4byte	.LASF6
 208 005c 02       		.byte	0x2
 209 005d 3F       		.byte	0x3f
 210 005e 62000000 		.4byte	0x62
 211 0062 02       		.uleb128 0x2
 212 0063 04       		.byte	0x4
 213 0064 05       		.byte	0x5
 214 0065 28020000 		.4byte	.LASF7
 215 0069 02       		.uleb128 0x2
 216 006a 04       		.byte	0x4
 217 006b 07       		.byte	0x7
 218 006c CD000000 		.4byte	.LASF8
 219 0070 02       		.uleb128 0x2
 220 0071 08       		.byte	0x8
 221 0072 05       		.byte	0x5
 222 0073 E3010000 		.4byte	.LASF9
 223 0077 02       		.uleb128 0x2
 224 0078 08       		.byte	0x8
 225 0079 07       		.byte	0x7
 226 007a 1D010000 		.4byte	.LASF10
 227 007e 04       		.uleb128 0x4
 228 007f 04       		.byte	0x4
 229 0080 05       		.byte	0x5
 230 0081 696E7400 		.ascii	"int\000"
 231 0085 02       		.uleb128 0x2
 232 0086 04       		.byte	0x4
 233 0087 07       		.byte	0x7
 234 0088 10010000 		.4byte	.LASF11
 235 008c 03       		.uleb128 0x3
ARM GAS  C:\Users\kratz\AppData\Local\Temp\ccvhcCgb.s 			page 6


 236 008d 34010000 		.4byte	.LASF12
 237 0091 03       		.byte	0x3
 238 0092 18       		.byte	0x18
 239 0093 2C000000 		.4byte	0x2c
 240 0097 03       		.uleb128 0x3
 241 0098 3C010000 		.4byte	.LASF13
 242 009c 03       		.byte	0x3
 243 009d 20       		.byte	0x20
 244 009e 3E000000 		.4byte	0x3e
 245 00a2 03       		.uleb128 0x3
 246 00a3 D2010000 		.4byte	.LASF14
 247 00a7 03       		.byte	0x3
 248 00a8 2C       		.byte	0x2c
 249 00a9 57000000 		.4byte	0x57
 250 00ad 05       		.uleb128 0x5
 251 00ae 14020000 		.4byte	.LASF15
 252 00b2 04       		.byte	0x4
 253 00b3 FB01     		.2byte	0x1fb
 254 00b5 37000000 		.4byte	0x37
 255 00b9 02       		.uleb128 0x2
 256 00ba 04       		.byte	0x4
 257 00bb 04       		.byte	0x4
 258 00bc 9F000000 		.4byte	.LASF16
 259 00c0 02       		.uleb128 0x2
 260 00c1 08       		.byte	0x8
 261 00c2 04       		.byte	0x4
 262 00c3 09010000 		.4byte	.LASF17
 263 00c7 02       		.uleb128 0x2
 264 00c8 01       		.byte	0x1
 265 00c9 08       		.byte	0x8
 266 00ca F1010000 		.4byte	.LASF18
 267 00ce 02       		.uleb128 0x2
 268 00cf 08       		.byte	0x8
 269 00d0 04       		.byte	0x4
 270 00d1 31020000 		.4byte	.LASF19
 271 00d5 02       		.uleb128 0x2
 272 00d6 04       		.byte	0x4
 273 00d7 07       		.byte	0x7
 274 00d8 DA010000 		.4byte	.LASF20
 275 00dc 06       		.uleb128 0x6
 276 00dd 3D020000 		.4byte	.LASF31
 277 00e1 01       		.byte	0x1
 278 00e2 19       		.byte	0x19
 279 00e3 00000000 		.4byte	.LFB35
 280 00e7 58000000 		.4byte	.LFE35-.LFB35
 281 00eb 01       		.uleb128 0x1
 282 00ec 9C       		.byte	0x9c
 283 00ed CE010000 		.4byte	0x1ce
 284 00f1 07       		.uleb128 0x7
 285 00f2 45020000 		.4byte	.LASF21
 286 00f6 01       		.byte	0x1
 287 00f7 19       		.byte	0x19
 288 00f8 97000000 		.4byte	0x97
 289 00fc 00000000 		.4byte	.LLST0
 290 0100 07       		.uleb128 0x7
 291 0101 B1000000 		.4byte	.LASF22
 292 0105 01       		.byte	0x1
ARM GAS  C:\Users\kratz\AppData\Local\Temp\ccvhcCgb.s 			page 7


 293 0106 19       		.byte	0x19
 294 0107 8C000000 		.4byte	0x8c
 295 010b 21000000 		.4byte	.LLST1
 296 010f 07       		.uleb128 0x7
 297 0110 01010000 		.4byte	.LASF23
 298 0114 01       		.byte	0x1
 299 0115 19       		.byte	0x19
 300 0116 AD000000 		.4byte	0xad
 301 011a 74000000 		.4byte	.LLST2
 302 011e 08       		.uleb128 0x8
 303 011f 16000000 		.4byte	.LBB2
 304 0123 10000000 		.4byte	.LBE2-.LBB2
 305 0127 61010000 		.4byte	0x161
 306 012b 09       		.uleb128 0x9
 307 012c EA000000 		.4byte	.LASF24
 308 0130 01       		.byte	0x1
 309 0131 23       		.byte	0x23
 310 0132 7E000000 		.4byte	0x7e
 311 0136 3C010000 		.4byte	0x13c
 312 013a 0A       		.uleb128 0xa
 313 013b 00       		.byte	0
 314 013c 0B       		.uleb128 0xb
 315 013d 1C000000 		.4byte	.LVL2
 316 0141 05020000 		.4byte	0x205
 317 0145 4F010000 		.4byte	0x14f
 318 0149 0C       		.uleb128 0xc
 319 014a 01       		.uleb128 0x1
 320 014b 50       		.byte	0x50
 321 014c 01       		.uleb128 0x1
 322 014d 30       		.byte	0x30
 323 014e 00       		.byte	0
 324 014f 0D       		.uleb128 0xd
 325 0150 26000000 		.4byte	.LVL3
 326 0154 10020000 		.4byte	0x210
 327 0158 0C       		.uleb128 0xc
 328 0159 01       		.uleb128 0x1
 329 015a 50       		.byte	0x50
 330 015b 03       		.uleb128 0x3
 331 015c 74       		.byte	0x74
 332 015d 00       		.sleb128 0
 333 015e 1F       		.byte	0x1f
 334 015f 00       		.byte	0
 335 0160 00       		.byte	0
 336 0161 08       		.uleb128 0x8
 337 0162 34000000 		.4byte	.LBB3
 338 0166 10000000 		.4byte	.LBE3-.LBB3
 339 016a A3010000 		.4byte	0x1a3
 340 016e 09       		.uleb128 0x9
 341 016f EA000000 		.4byte	.LASF24
 342 0173 01       		.byte	0x1
 343 0174 23       		.byte	0x23
 344 0175 7E000000 		.4byte	0x7e
 345 0179 7F010000 		.4byte	0x17f
 346 017d 0A       		.uleb128 0xa
 347 017e 00       		.byte	0
 348 017f 0B       		.uleb128 0xb
 349 0180 3A000000 		.4byte	.LVL5
ARM GAS  C:\Users\kratz\AppData\Local\Temp\ccvhcCgb.s 			page 8


 350 0184 05020000 		.4byte	0x205
 351 0188 92010000 		.4byte	0x192
 352 018c 0C       		.uleb128 0xc
 353 018d 01       		.uleb128 0x1
 354 018e 50       		.byte	0x50
 355 018f 01       		.uleb128 0x1
 356 0190 31       		.byte	0x31
 357 0191 00       		.byte	0
 358 0192 0D       		.uleb128 0xd
 359 0193 44000000 		.4byte	.LVL6
 360 0197 10020000 		.4byte	0x210
 361 019b 0C       		.uleb128 0xc
 362 019c 01       		.uleb128 0x1
 363 019d 50       		.byte	0x50
 364 019e 02       		.uleb128 0x2
 365 019f 74       		.byte	0x74
 366 01a0 00       		.sleb128 0
 367 01a1 00       		.byte	0
 368 01a2 00       		.byte	0
 369 01a3 0E       		.uleb128 0xe
 370 01a4 46000000 		.4byte	.LBB4
 371 01a8 0C000000 		.4byte	.LBE4-.LBB4
 372 01ac 09       		.uleb128 0x9
 373 01ad EA000000 		.4byte	.LASF24
 374 01b1 01       		.byte	0x1
 375 01b2 23       		.byte	0x23
 376 01b3 7E000000 		.4byte	0x7e
 377 01b7 BD010000 		.4byte	0x1bd
 378 01bb 0A       		.uleb128 0xa
 379 01bc 00       		.byte	0
 380 01bd 0D       		.uleb128 0xd
 381 01be 52000000 		.4byte	.LVL9
 382 01c2 10020000 		.4byte	0x210
 383 01c6 0C       		.uleb128 0xc
 384 01c7 01       		.uleb128 0x1
 385 01c8 50       		.byte	0x50
 386 01c9 01       		.uleb128 0x1
 387 01ca 30       		.byte	0x30
 388 01cb 00       		.byte	0
 389 01cc 00       		.byte	0
 390 01cd 00       		.byte	0
 391 01ce 0F       		.uleb128 0xf
 392 01cf 1A020000 		.4byte	.LASF32
 393 01d3 01       		.byte	0x1
 394 01d4 2E       		.byte	0x2e
 395 01d5 97000000 		.4byte	0x97
 396 01d9 00000000 		.4byte	.LFB36
 397 01dd 0C000000 		.4byte	.LFE36-.LFB36
 398 01e1 01       		.uleb128 0x1
 399 01e2 9C       		.byte	0x9c
 400 01e3 10       		.uleb128 0x10
 401 01e4 DF000000 		.4byte	.LASF25
 402 01e8 01       		.byte	0x1
 403 01e9 13       		.byte	0x13
 404 01ea 8C000000 		.4byte	0x8c
 405 01ee 05       		.uleb128 0x5
 406 01ef 03       		.byte	0x3
ARM GAS  C:\Users\kratz\AppData\Local\Temp\ccvhcCgb.s 			page 9


 407 01f0 00000000 		.4byte	invalidate
 408 01f4 10       		.uleb128 0x10
 409 01f5 87000000 		.4byte	.LASF26
 410 01f9 01       		.byte	0x1
 411 01fa 16       		.byte	0x16
 412 01fb A2000000 		.4byte	0xa2
 413 01ff 05       		.uleb128 0x5
 414 0200 03       		.byte	0x3
 415 0201 00000000 		.4byte	currentPWM
 416 0205 11       		.uleb128 0x11
 417 0206 00020000 		.4byte	.LASF27
 418 020a 00020000 		.4byte	.LASF27
 419 020e 05       		.byte	0x5
 420 020f 33       		.byte	0x33
 421 0210 11       		.uleb128 0x11
 422 0211 EA000000 		.4byte	.LASF24
 423 0215 EA000000 		.4byte	.LASF24
 424 0219 01       		.byte	0x1
 425 021a 23       		.byte	0x23
 426 021b 00       		.byte	0
 427              		.section	.debug_abbrev,"",%progbits
 428              	.Ldebug_abbrev0:
 429 0000 01       		.uleb128 0x1
 430 0001 11       		.uleb128 0x11
 431 0002 01       		.byte	0x1
 432 0003 25       		.uleb128 0x25
 433 0004 0E       		.uleb128 0xe
 434 0005 13       		.uleb128 0x13
 435 0006 0B       		.uleb128 0xb
 436 0007 03       		.uleb128 0x3
 437 0008 0E       		.uleb128 0xe
 438 0009 1B       		.uleb128 0x1b
 439 000a 0E       		.uleb128 0xe
 440 000b 55       		.uleb128 0x55
 441 000c 17       		.uleb128 0x17
 442 000d 11       		.uleb128 0x11
 443 000e 01       		.uleb128 0x1
 444 000f 10       		.uleb128 0x10
 445 0010 17       		.uleb128 0x17
 446 0011 00       		.byte	0
 447 0012 00       		.byte	0
 448 0013 02       		.uleb128 0x2
 449 0014 24       		.uleb128 0x24
 450 0015 00       		.byte	0
 451 0016 0B       		.uleb128 0xb
 452 0017 0B       		.uleb128 0xb
 453 0018 3E       		.uleb128 0x3e
 454 0019 0B       		.uleb128 0xb
 455 001a 03       		.uleb128 0x3
 456 001b 0E       		.uleb128 0xe
 457 001c 00       		.byte	0
 458 001d 00       		.byte	0
 459 001e 03       		.uleb128 0x3
 460 001f 16       		.uleb128 0x16
 461 0020 00       		.byte	0
 462 0021 03       		.uleb128 0x3
 463 0022 0E       		.uleb128 0xe
ARM GAS  C:\Users\kratz\AppData\Local\Temp\ccvhcCgb.s 			page 10


 464 0023 3A       		.uleb128 0x3a
 465 0024 0B       		.uleb128 0xb
 466 0025 3B       		.uleb128 0x3b
 467 0026 0B       		.uleb128 0xb
 468 0027 49       		.uleb128 0x49
 469 0028 13       		.uleb128 0x13
 470 0029 00       		.byte	0
 471 002a 00       		.byte	0
 472 002b 04       		.uleb128 0x4
 473 002c 24       		.uleb128 0x24
 474 002d 00       		.byte	0
 475 002e 0B       		.uleb128 0xb
 476 002f 0B       		.uleb128 0xb
 477 0030 3E       		.uleb128 0x3e
 478 0031 0B       		.uleb128 0xb
 479 0032 03       		.uleb128 0x3
 480 0033 08       		.uleb128 0x8
 481 0034 00       		.byte	0
 482 0035 00       		.byte	0
 483 0036 05       		.uleb128 0x5
 484 0037 16       		.uleb128 0x16
 485 0038 00       		.byte	0
 486 0039 03       		.uleb128 0x3
 487 003a 0E       		.uleb128 0xe
 488 003b 3A       		.uleb128 0x3a
 489 003c 0B       		.uleb128 0xb
 490 003d 3B       		.uleb128 0x3b
 491 003e 05       		.uleb128 0x5
 492 003f 49       		.uleb128 0x49
 493 0040 13       		.uleb128 0x13
 494 0041 00       		.byte	0
 495 0042 00       		.byte	0
 496 0043 06       		.uleb128 0x6
 497 0044 2E       		.uleb128 0x2e
 498 0045 01       		.byte	0x1
 499 0046 3F       		.uleb128 0x3f
 500 0047 19       		.uleb128 0x19
 501 0048 03       		.uleb128 0x3
 502 0049 0E       		.uleb128 0xe
 503 004a 3A       		.uleb128 0x3a
 504 004b 0B       		.uleb128 0xb
 505 004c 3B       		.uleb128 0x3b
 506 004d 0B       		.uleb128 0xb
 507 004e 27       		.uleb128 0x27
 508 004f 19       		.uleb128 0x19
 509 0050 11       		.uleb128 0x11
 510 0051 01       		.uleb128 0x1
 511 0052 12       		.uleb128 0x12
 512 0053 06       		.uleb128 0x6
 513 0054 40       		.uleb128 0x40
 514 0055 18       		.uleb128 0x18
 515 0056 9742     		.uleb128 0x2117
 516 0058 19       		.uleb128 0x19
 517 0059 01       		.uleb128 0x1
 518 005a 13       		.uleb128 0x13
 519 005b 00       		.byte	0
 520 005c 00       		.byte	0
ARM GAS  C:\Users\kratz\AppData\Local\Temp\ccvhcCgb.s 			page 11


 521 005d 07       		.uleb128 0x7
 522 005e 05       		.uleb128 0x5
 523 005f 00       		.byte	0
 524 0060 03       		.uleb128 0x3
 525 0061 0E       		.uleb128 0xe
 526 0062 3A       		.uleb128 0x3a
 527 0063 0B       		.uleb128 0xb
 528 0064 3B       		.uleb128 0x3b
 529 0065 0B       		.uleb128 0xb
 530 0066 49       		.uleb128 0x49
 531 0067 13       		.uleb128 0x13
 532 0068 02       		.uleb128 0x2
 533 0069 17       		.uleb128 0x17
 534 006a 00       		.byte	0
 535 006b 00       		.byte	0
 536 006c 08       		.uleb128 0x8
 537 006d 0B       		.uleb128 0xb
 538 006e 01       		.byte	0x1
 539 006f 11       		.uleb128 0x11
 540 0070 01       		.uleb128 0x1
 541 0071 12       		.uleb128 0x12
 542 0072 06       		.uleb128 0x6
 543 0073 01       		.uleb128 0x1
 544 0074 13       		.uleb128 0x13
 545 0075 00       		.byte	0
 546 0076 00       		.byte	0
 547 0077 09       		.uleb128 0x9
 548 0078 2E       		.uleb128 0x2e
 549 0079 01       		.byte	0x1
 550 007a 3F       		.uleb128 0x3f
 551 007b 19       		.uleb128 0x19
 552 007c 03       		.uleb128 0x3
 553 007d 0E       		.uleb128 0xe
 554 007e 3A       		.uleb128 0x3a
 555 007f 0B       		.uleb128 0xb
 556 0080 3B       		.uleb128 0x3b
 557 0081 0B       		.uleb128 0xb
 558 0082 49       		.uleb128 0x49
 559 0083 13       		.uleb128 0x13
 560 0084 3C       		.uleb128 0x3c
 561 0085 19       		.uleb128 0x19
 562 0086 01       		.uleb128 0x1
 563 0087 13       		.uleb128 0x13
 564 0088 00       		.byte	0
 565 0089 00       		.byte	0
 566 008a 0A       		.uleb128 0xa
 567 008b 18       		.uleb128 0x18
 568 008c 00       		.byte	0
 569 008d 00       		.byte	0
 570 008e 00       		.byte	0
 571 008f 0B       		.uleb128 0xb
 572 0090 898201   		.uleb128 0x4109
 573 0093 01       		.byte	0x1
 574 0094 11       		.uleb128 0x11
 575 0095 01       		.uleb128 0x1
 576 0096 31       		.uleb128 0x31
 577 0097 13       		.uleb128 0x13
ARM GAS  C:\Users\kratz\AppData\Local\Temp\ccvhcCgb.s 			page 12


 578 0098 01       		.uleb128 0x1
 579 0099 13       		.uleb128 0x13
 580 009a 00       		.byte	0
 581 009b 00       		.byte	0
 582 009c 0C       		.uleb128 0xc
 583 009d 8A8201   		.uleb128 0x410a
 584 00a0 00       		.byte	0
 585 00a1 02       		.uleb128 0x2
 586 00a2 18       		.uleb128 0x18
 587 00a3 9142     		.uleb128 0x2111
 588 00a5 18       		.uleb128 0x18
 589 00a6 00       		.byte	0
 590 00a7 00       		.byte	0
 591 00a8 0D       		.uleb128 0xd
 592 00a9 898201   		.uleb128 0x4109
 593 00ac 01       		.byte	0x1
 594 00ad 11       		.uleb128 0x11
 595 00ae 01       		.uleb128 0x1
 596 00af 31       		.uleb128 0x31
 597 00b0 13       		.uleb128 0x13
 598 00b1 00       		.byte	0
 599 00b2 00       		.byte	0
 600 00b3 0E       		.uleb128 0xe
 601 00b4 0B       		.uleb128 0xb
 602 00b5 01       		.byte	0x1
 603 00b6 11       		.uleb128 0x11
 604 00b7 01       		.uleb128 0x1
 605 00b8 12       		.uleb128 0x12
 606 00b9 06       		.uleb128 0x6
 607 00ba 00       		.byte	0
 608 00bb 00       		.byte	0
 609 00bc 0F       		.uleb128 0xf
 610 00bd 2E       		.uleb128 0x2e
 611 00be 00       		.byte	0
 612 00bf 3F       		.uleb128 0x3f
 613 00c0 19       		.uleb128 0x19
 614 00c1 03       		.uleb128 0x3
 615 00c2 0E       		.uleb128 0xe
 616 00c3 3A       		.uleb128 0x3a
 617 00c4 0B       		.uleb128 0xb
 618 00c5 3B       		.uleb128 0x3b
 619 00c6 0B       		.uleb128 0xb
 620 00c7 49       		.uleb128 0x49
 621 00c8 13       		.uleb128 0x13
 622 00c9 11       		.uleb128 0x11
 623 00ca 01       		.uleb128 0x1
 624 00cb 12       		.uleb128 0x12
 625 00cc 06       		.uleb128 0x6
 626 00cd 40       		.uleb128 0x40
 627 00ce 18       		.uleb128 0x18
 628 00cf 9742     		.uleb128 0x2117
 629 00d1 19       		.uleb128 0x19
 630 00d2 00       		.byte	0
 631 00d3 00       		.byte	0
 632 00d4 10       		.uleb128 0x10
 633 00d5 34       		.uleb128 0x34
 634 00d6 00       		.byte	0
ARM GAS  C:\Users\kratz\AppData\Local\Temp\ccvhcCgb.s 			page 13


 635 00d7 03       		.uleb128 0x3
 636 00d8 0E       		.uleb128 0xe
 637 00d9 3A       		.uleb128 0x3a
 638 00da 0B       		.uleb128 0xb
 639 00db 3B       		.uleb128 0x3b
 640 00dc 0B       		.uleb128 0xb
 641 00dd 49       		.uleb128 0x49
 642 00de 13       		.uleb128 0x13
 643 00df 3F       		.uleb128 0x3f
 644 00e0 19       		.uleb128 0x19
 645 00e1 02       		.uleb128 0x2
 646 00e2 18       		.uleb128 0x18
 647 00e3 00       		.byte	0
 648 00e4 00       		.byte	0
 649 00e5 11       		.uleb128 0x11
 650 00e6 2E       		.uleb128 0x2e
 651 00e7 00       		.byte	0
 652 00e8 3F       		.uleb128 0x3f
 653 00e9 19       		.uleb128 0x19
 654 00ea 3C       		.uleb128 0x3c
 655 00eb 19       		.uleb128 0x19
 656 00ec 6E       		.uleb128 0x6e
 657 00ed 0E       		.uleb128 0xe
 658 00ee 03       		.uleb128 0x3
 659 00ef 0E       		.uleb128 0xe
 660 00f0 3A       		.uleb128 0x3a
 661 00f1 0B       		.uleb128 0xb
 662 00f2 3B       		.uleb128 0x3b
 663 00f3 0B       		.uleb128 0xb
 664 00f4 00       		.byte	0
 665 00f5 00       		.byte	0
 666 00f6 00       		.byte	0
 667              		.section	.debug_loc,"",%progbits
 668              	.Ldebug_loc0:
 669              	.LLST0:
 670 0000 00000000 		.4byte	.LVL0
 671 0004 06000000 		.4byte	.LVL1
 672 0008 0100     		.2byte	0x1
 673 000a 50       		.byte	0x50
 674 000b 06000000 		.4byte	.LVL1
 675 000f 58000000 		.4byte	.LFE35
 676 0013 0400     		.2byte	0x4
 677 0015 F3       		.byte	0xf3
 678 0016 01       		.uleb128 0x1
 679 0017 50       		.byte	0x50
 680 0018 9F       		.byte	0x9f
 681 0019 00000000 		.4byte	0
 682 001d 00000000 		.4byte	0
 683              	.LLST1:
 684 0021 00000000 		.4byte	.LVL0
 685 0025 1B000000 		.4byte	.LVL2-1
 686 0029 0100     		.2byte	0x1
 687 002b 51       		.byte	0x51
 688 002c 1B000000 		.4byte	.LVL2-1
 689 0030 28000000 		.4byte	.LVL4
 690 0034 0400     		.2byte	0x4
 691 0036 F3       		.byte	0xf3
ARM GAS  C:\Users\kratz\AppData\Local\Temp\ccvhcCgb.s 			page 14


 692 0037 01       		.uleb128 0x1
 693 0038 51       		.byte	0x51
 694 0039 9F       		.byte	0x9f
 695 003a 28000000 		.4byte	.LVL4
 696 003e 39000000 		.4byte	.LVL5-1
 697 0042 0100     		.2byte	0x1
 698 0044 51       		.byte	0x51
 699 0045 39000000 		.4byte	.LVL5-1
 700 0049 46000000 		.4byte	.LVL7
 701 004d 0400     		.2byte	0x4
 702 004f F3       		.byte	0xf3
 703 0050 01       		.uleb128 0x1
 704 0051 51       		.byte	0x51
 705 0052 9F       		.byte	0x9f
 706 0053 46000000 		.4byte	.LVL7
 707 0057 51000000 		.4byte	.LVL9-1
 708 005b 0100     		.2byte	0x1
 709 005d 51       		.byte	0x51
 710 005e 51000000 		.4byte	.LVL9-1
 711 0062 58000000 		.4byte	.LFE35
 712 0066 0400     		.2byte	0x4
 713 0068 F3       		.byte	0xf3
 714 0069 01       		.uleb128 0x1
 715 006a 51       		.byte	0x51
 716 006b 9F       		.byte	0x9f
 717 006c 00000000 		.4byte	0
 718 0070 00000000 		.4byte	0
 719              	.LLST2:
 720 0074 00000000 		.4byte	.LVL0
 721 0078 1B000000 		.4byte	.LVL2-1
 722 007c 0100     		.2byte	0x1
 723 007e 52       		.byte	0x52
 724 007f 1B000000 		.4byte	.LVL2-1
 725 0083 28000000 		.4byte	.LVL4
 726 0087 0400     		.2byte	0x4
 727 0089 F3       		.byte	0xf3
 728 008a 01       		.uleb128 0x1
 729 008b 52       		.byte	0x52
 730 008c 9F       		.byte	0x9f
 731 008d 28000000 		.4byte	.LVL4
 732 0091 39000000 		.4byte	.LVL5-1
 733 0095 0100     		.2byte	0x1
 734 0097 52       		.byte	0x52
 735 0098 39000000 		.4byte	.LVL5-1
 736 009c 46000000 		.4byte	.LVL7
 737 00a0 0400     		.2byte	0x4
 738 00a2 F3       		.byte	0xf3
 739 00a3 01       		.uleb128 0x1
 740 00a4 52       		.byte	0x52
 741 00a5 9F       		.byte	0x9f
 742 00a6 46000000 		.4byte	.LVL7
 743 00aa 48000000 		.4byte	.LVL8
 744 00ae 0100     		.2byte	0x1
 745 00b0 52       		.byte	0x52
 746 00b1 48000000 		.4byte	.LVL8
 747 00b5 58000000 		.4byte	.LFE35
 748 00b9 0400     		.2byte	0x4
ARM GAS  C:\Users\kratz\AppData\Local\Temp\ccvhcCgb.s 			page 15


 749 00bb F3       		.byte	0xf3
 750 00bc 01       		.uleb128 0x1
 751 00bd 52       		.byte	0x52
 752 00be 9F       		.byte	0x9f
 753 00bf 00000000 		.4byte	0
 754 00c3 00000000 		.4byte	0
 755              		.section	.debug_aranges,"",%progbits
 756 0000 24000000 		.4byte	0x24
 757 0004 0200     		.2byte	0x2
 758 0006 00000000 		.4byte	.Ldebug_info0
 759 000a 04       		.byte	0x4
 760 000b 00       		.byte	0
 761 000c 0000     		.2byte	0
 762 000e 0000     		.2byte	0
 763 0010 00000000 		.4byte	.LFB35
 764 0014 58000000 		.4byte	.LFE35-.LFB35
 765 0018 00000000 		.4byte	.LFB36
 766 001c 0C000000 		.4byte	.LFE36-.LFB36
 767 0020 00000000 		.4byte	0
 768 0024 00000000 		.4byte	0
 769              		.section	.debug_ranges,"",%progbits
 770              	.Ldebug_ranges0:
 771 0000 00000000 		.4byte	.LFB35
 772 0004 58000000 		.4byte	.LFE35
 773 0008 00000000 		.4byte	.LFB36
 774 000c 0C000000 		.4byte	.LFE36
 775 0010 00000000 		.4byte	0
 776 0014 00000000 		.4byte	0
 777              		.section	.debug_line,"",%progbits
 778              	.Ldebug_line0:
 779 0000 A3010000 		.section	.debug_str,"MS",%progbits,1
 779      02005701 
 779      00000201 
 779      FB0E0D00 
 779      01010101 
 780              	.LASF2:
 781 0000 5F5F7569 		.ascii	"__uint8_t\000"
 781      6E74385F 
 781      7400
 782              	.LASF30:
 783 000a 433A5C55 		.ascii	"C:\\Users\\kratz\\OneDrive\\Documents\\PSoC Creator"
 783      73657273 
 783      5C6B7261 
 783      747A5C4F 
 783      6E654472 
 784 0038 5C48616E 		.ascii	"\\Hand_Board_PY2023\\HandBoard_Rev1.cydsn\000"
 784      645F426F 
 784      6172645F 
 784      50593230 
 784      32335C48 
 785              	.LASF3:
 786 0060 5F5F696E 		.ascii	"__int16_t\000"
 786      7431365F 
 786      7400
 787              	.LASF6:
 788 006a 5F5F696E 		.ascii	"__int32_t\000"
 788      7433325F 
ARM GAS  C:\Users\kratz\AppData\Local\Temp\ccvhcCgb.s 			page 16


 788      7400
 789              	.LASF5:
 790 0074 73686F72 		.ascii	"short unsigned int\000"
 790      7420756E 
 790      7369676E 
 790      65642069 
 790      6E7400
 791              	.LASF26:
 792 0087 63757272 		.ascii	"currentPWM\000"
 792      656E7450 
 792      574D00
 793              	.LASF29:
 794 0092 4D6F746F 		.ascii	"MotorDrive.c\000"
 794      72447269 
 794      76652E63 
 794      00
 795              	.LASF16:
 796 009f 666C6F61 		.ascii	"float\000"
 796      7400
 797              	.LASF0:
 798 00a5 7369676E 		.ascii	"signed char\000"
 798      65642063 
 798      68617200 
 799              	.LASF22:
 800 00b1 64697361 		.ascii	"disable_limit\000"
 800      626C655F 
 800      6C696D69 
 800      7400
 801              	.LASF1:
 802 00bf 756E7369 		.ascii	"unsigned char\000"
 802      676E6564 
 802      20636861 
 802      7200
 803              	.LASF8:
 804 00cd 6C6F6E67 		.ascii	"long unsigned int\000"
 804      20756E73 
 804      69676E65 
 804      6420696E 
 804      7400
 805              	.LASF25:
 806 00df 696E7661 		.ascii	"invalidate\000"
 806      6C696461 
 806      746500
 807              	.LASF24:
 808 00ea 50574D5F 		.ascii	"PWM_Motor_WriteCompare\000"
 808      4D6F746F 
 808      725F5772 
 808      69746543 
 808      6F6D7061 
 809              	.LASF23:
 810 0101 6C696D69 		.ascii	"limitSW\000"
 810      74535700 
 811              	.LASF17:
 812 0109 646F7562 		.ascii	"double\000"
 812      6C6500
 813              	.LASF11:
 814 0110 756E7369 		.ascii	"unsigned int\000"
ARM GAS  C:\Users\kratz\AppData\Local\Temp\ccvhcCgb.s 			page 17


 814      676E6564 
 814      20696E74 
 814      00
 815              	.LASF10:
 816 011d 6C6F6E67 		.ascii	"long long unsigned int\000"
 816      206C6F6E 
 816      6720756E 
 816      7369676E 
 816      65642069 
 817              	.LASF12:
 818 0134 75696E74 		.ascii	"uint8_t\000"
 818      385F7400 
 819              	.LASF13:
 820 013c 696E7431 		.ascii	"int16_t\000"
 820      365F7400 
 821              	.LASF28:
 822 0144 474E5520 		.ascii	"GNU C11 5.4.1 20160609 (release) [ARM/embedded-5-br"
 822      43313120 
 822      352E342E 
 822      31203230 
 822      31363036 
 823 0177 616E6368 		.ascii	"anch revision 237715] -mcpu=cortex-m0 -mthumb -g -O"
 823      20726576 
 823      6973696F 
 823      6E203233 
 823      37373135 
 824 01aa 67202D66 		.ascii	"g -ffunction-sections -ffat-lto-objects\000"
 824      66756E63 
 824      74696F6E 
 824      2D736563 
 824      74696F6E 
 825              	.LASF14:
 826 01d2 696E7433 		.ascii	"int32_t\000"
 826      325F7400 
 827              	.LASF20:
 828 01da 73697A65 		.ascii	"sizetype\000"
 828      74797065 
 828      00
 829              	.LASF9:
 830 01e3 6C6F6E67 		.ascii	"long long int\000"
 830      206C6F6E 
 830      6720696E 
 830      7400
 831              	.LASF18:
 832 01f1 63686172 		.ascii	"char\000"
 832      00
 833              	.LASF4:
 834 01f6 73686F72 		.ascii	"short int\000"
 834      7420696E 
 834      7400
 835              	.LASF27:
 836 0200 50696E5F 		.ascii	"Pin_Direction_Write\000"
 836      44697265 
 836      6374696F 
 836      6E5F5772 
 836      69746500 
 837              	.LASF15:
ARM GAS  C:\Users\kratz\AppData\Local\Temp\ccvhcCgb.s 			page 18


 838 0214 75696E74 		.ascii	"uint8\000"
 838      3800
 839              	.LASF32:
 840 021a 47657443 		.ascii	"GetCurrentPWM\000"
 840      75727265 
 840      6E745057 
 840      4D00
 841              	.LASF7:
 842 0228 6C6F6E67 		.ascii	"long int\000"
 842      20696E74 
 842      00
 843              	.LASF19:
 844 0231 6C6F6E67 		.ascii	"long double\000"
 844      20646F75 
 844      626C6500 
 845              	.LASF31:
 846 023d 7365745F 		.ascii	"set_PWM\000"
 846      50574D00 
 847              	.LASF21:
 848 0245 636F6D70 		.ascii	"compare\000"
 848      61726500 
 849              		.ident	"GCC: (GNU Tools for ARM Embedded Processors) 5.4.1 20160609 (release) [ARM/embedded-5-bran
