ARM GAS  C:\Users\kratz\AppData\Local\Temp\cc3ETqSd.s 			page 1


   1              		.syntax unified
   2              		.cpu cortex-m0
   3              		.fpu softvfp
   4              		.eabi_attribute 20, 1
   5              		.eabi_attribute 21, 1
   6              		.eabi_attribute 23, 3
   7              		.eabi_attribute 24, 1
   8              		.eabi_attribute 25, 1
   9              		.eabi_attribute 26, 1
  10              		.eabi_attribute 30, 1
  11              		.eabi_attribute 34, 0
  12              		.eabi_attribute 18, 4
  13              		.thumb
  14              		.syntax unified
  15              		.file	"QuadDec.c"
  16              		.text
  17              	.Ltext0:
  18              		.cfi_sections	.debug_frame
  19              		.section	.text.QuadDec_Init,"ax",%progbits
  20              		.align	2
  21              		.global	QuadDec_Init
  22              		.code	16
  23              		.thumb_func
  24              		.type	QuadDec_Init, %function
  25              	QuadDec_Init:
  26              	.LFB1:
  27              		.file 1 "Generated_Source\\PSoC4\\QuadDec.c"
   1:Generated_Source\PSoC4/QuadDec.c **** /*******************************************************************************
   2:Generated_Source\PSoC4/QuadDec.c **** * File Name: QuadDec.c  
   3:Generated_Source\PSoC4/QuadDec.c **** * Version 3.0
   4:Generated_Source\PSoC4/QuadDec.c **** *
   5:Generated_Source\PSoC4/QuadDec.c **** * Description:
   6:Generated_Source\PSoC4/QuadDec.c **** *  This file provides the source code to the API for the Quadrature Decoder
   7:Generated_Source\PSoC4/QuadDec.c **** *  component.
   8:Generated_Source\PSoC4/QuadDec.c **** *
   9:Generated_Source\PSoC4/QuadDec.c **** * Note:
  10:Generated_Source\PSoC4/QuadDec.c **** *  None.
  11:Generated_Source\PSoC4/QuadDec.c **** *   
  12:Generated_Source\PSoC4/QuadDec.c **** ********************************************************************************
  13:Generated_Source\PSoC4/QuadDec.c **** * Copyright 2008-2014, Cypress Semiconductor Corporation.  All rights reserved.
  14:Generated_Source\PSoC4/QuadDec.c **** * You may use this file only in accordance with the license, terms, conditions, 
  15:Generated_Source\PSoC4/QuadDec.c **** * disclaimers, and limitations in the end user license agreement accompanying 
  16:Generated_Source\PSoC4/QuadDec.c **** * the software package with which this file was provided.
  17:Generated_Source\PSoC4/QuadDec.c **** *******************************************************************************/
  18:Generated_Source\PSoC4/QuadDec.c **** 
  19:Generated_Source\PSoC4/QuadDec.c **** #include "QuadDec.h"
  20:Generated_Source\PSoC4/QuadDec.c **** 
  21:Generated_Source\PSoC4/QuadDec.c **** #if (QuadDec_COUNTER_SIZE == QuadDec_COUNTER_SIZE_32_BIT)
  22:Generated_Source\PSoC4/QuadDec.c ****     #include "QuadDec_PVT.h"
  23:Generated_Source\PSoC4/QuadDec.c **** #endif /* QuadDec_COUNTER_SIZE == QuadDec_COUNTER_SIZE_32_BIT */
  24:Generated_Source\PSoC4/QuadDec.c **** 
  25:Generated_Source\PSoC4/QuadDec.c **** uint8 QuadDec_initVar = 0u;
  26:Generated_Source\PSoC4/QuadDec.c **** 
  27:Generated_Source\PSoC4/QuadDec.c **** 
  28:Generated_Source\PSoC4/QuadDec.c **** /*******************************************************************************
  29:Generated_Source\PSoC4/QuadDec.c **** * Function Name: QuadDec_Init
  30:Generated_Source\PSoC4/QuadDec.c **** ********************************************************************************
ARM GAS  C:\Users\kratz\AppData\Local\Temp\cc3ETqSd.s 			page 2


  31:Generated_Source\PSoC4/QuadDec.c **** *
  32:Generated_Source\PSoC4/QuadDec.c **** * Summary:
  33:Generated_Source\PSoC4/QuadDec.c **** *  Inits/Restores default QuadDec configuration provided with customizer.
  34:Generated_Source\PSoC4/QuadDec.c **** *
  35:Generated_Source\PSoC4/QuadDec.c **** * Parameters:
  36:Generated_Source\PSoC4/QuadDec.c **** *  None.
  37:Generated_Source\PSoC4/QuadDec.c **** *
  38:Generated_Source\PSoC4/QuadDec.c **** * Return:
  39:Generated_Source\PSoC4/QuadDec.c **** *  None.
  40:Generated_Source\PSoC4/QuadDec.c **** *
  41:Generated_Source\PSoC4/QuadDec.c **** *******************************************************************************/
  42:Generated_Source\PSoC4/QuadDec.c **** void QuadDec_Init(void) 
  43:Generated_Source\PSoC4/QuadDec.c **** {
  28              		.loc 1 43 0
  29              		.cfi_startproc
  30              		@ args = 0, pretend = 0, frame = 0
  31              		@ frame_needed = 0, uses_anonymous_args = 0
  32 0000 10B5     		push	{r4, lr}
  33              		.cfi_def_cfa_offset 8
  34              		.cfi_offset 4, -8
  35              		.cfi_offset 14, -4
  44:Generated_Source\PSoC4/QuadDec.c ****     #if (QuadDec_COUNTER_SIZE == QuadDec_COUNTER_SIZE_32_BIT)
  45:Generated_Source\PSoC4/QuadDec.c ****         /* Disable Interrupt. */
  46:Generated_Source\PSoC4/QuadDec.c ****         CyIntDisable(QuadDec_ISR_NUMBER);
  36              		.loc 1 46 0
  37 0002 0020     		movs	r0, #0
  38 0004 FFF7FEFF 		bl	CyIntDisable
  39              	.LVL0:
  47:Generated_Source\PSoC4/QuadDec.c ****         /* Set the ISR to point to the QuadDec_isr Interrupt. */
  48:Generated_Source\PSoC4/QuadDec.c ****         (void) CyIntSetVector(QuadDec_ISR_NUMBER, & QuadDec_ISR);
  40              		.loc 1 48 0
  41 0008 0449     		ldr	r1, .L2
  42 000a 0020     		movs	r0, #0
  43 000c FFF7FEFF 		bl	CyIntSetVector
  44              	.LVL1:
  49:Generated_Source\PSoC4/QuadDec.c ****         /* Set the priority. */
  50:Generated_Source\PSoC4/QuadDec.c ****         CyIntSetPriority(QuadDec_ISR_NUMBER, QuadDec_ISR_PRIORITY);
  45              		.loc 1 50 0
  46 0010 0321     		movs	r1, #3
  47 0012 0020     		movs	r0, #0
  48 0014 FFF7FEFF 		bl	CyIntSetPriority
  49              	.LVL2:
  51:Generated_Source\PSoC4/QuadDec.c ****     #endif /* QuadDec_COUNTER_SIZE == QuadDec_COUNTER_SIZE_32_BIT */
  52:Generated_Source\PSoC4/QuadDec.c **** }
  50              		.loc 1 52 0
  51              		@ sp needed
  52 0018 10BD     		pop	{r4, pc}
  53              	.L3:
  54 001a C046     		.align	2
  55              	.L2:
  56 001c 00000000 		.word	QuadDec_ISR
  57              		.cfi_endproc
  58              	.LFE1:
  59              		.size	QuadDec_Init, .-QuadDec_Init
  60              		.section	.text.QuadDec_Stop,"ax",%progbits
  61              		.align	2
  62              		.global	QuadDec_Stop
ARM GAS  C:\Users\kratz\AppData\Local\Temp\cc3ETqSd.s 			page 3


  63              		.code	16
  64              		.thumb_func
  65              		.type	QuadDec_Stop, %function
  66              	QuadDec_Stop:
  67              	.LFB4:
  53:Generated_Source\PSoC4/QuadDec.c **** 
  54:Generated_Source\PSoC4/QuadDec.c **** 
  55:Generated_Source\PSoC4/QuadDec.c **** /*******************************************************************************
  56:Generated_Source\PSoC4/QuadDec.c **** * Function Name: QuadDec_Enable
  57:Generated_Source\PSoC4/QuadDec.c **** ********************************************************************************
  58:Generated_Source\PSoC4/QuadDec.c **** *
  59:Generated_Source\PSoC4/QuadDec.c **** * Summary:
  60:Generated_Source\PSoC4/QuadDec.c **** *  This function enable interrupts from Component and also enable Component's
  61:Generated_Source\PSoC4/QuadDec.c **** *  ISR in case of 32-bit counter.
  62:Generated_Source\PSoC4/QuadDec.c **** *
  63:Generated_Source\PSoC4/QuadDec.c **** * Parameters:
  64:Generated_Source\PSoC4/QuadDec.c **** *  None.
  65:Generated_Source\PSoC4/QuadDec.c **** *
  66:Generated_Source\PSoC4/QuadDec.c **** * Return:
  67:Generated_Source\PSoC4/QuadDec.c **** *  None.
  68:Generated_Source\PSoC4/QuadDec.c **** *
  69:Generated_Source\PSoC4/QuadDec.c **** *******************************************************************************/
  70:Generated_Source\PSoC4/QuadDec.c **** void QuadDec_Enable(void) 
  71:Generated_Source\PSoC4/QuadDec.c **** {
  72:Generated_Source\PSoC4/QuadDec.c ****     uint8 enableInterrupts;
  73:Generated_Source\PSoC4/QuadDec.c **** 
  74:Generated_Source\PSoC4/QuadDec.c ****     QuadDec_SetInterruptMask(QuadDec_INIT_INT_MASK);
  75:Generated_Source\PSoC4/QuadDec.c **** 
  76:Generated_Source\PSoC4/QuadDec.c ****     /* Clear pending interrupts. */
  77:Generated_Source\PSoC4/QuadDec.c ****     (void) QuadDec_GetEvents();
  78:Generated_Source\PSoC4/QuadDec.c ****     
  79:Generated_Source\PSoC4/QuadDec.c ****     enableInterrupts = CyEnterCriticalSection();
  80:Generated_Source\PSoC4/QuadDec.c **** 
  81:Generated_Source\PSoC4/QuadDec.c ****     /* Enable interrupts from Statusi register */
  82:Generated_Source\PSoC4/QuadDec.c ****     QuadDec_SR_AUX_CONTROL |= QuadDec_INTERRUPTS_ENABLE;
  83:Generated_Source\PSoC4/QuadDec.c **** 
  84:Generated_Source\PSoC4/QuadDec.c ****     CyExitCriticalSection(enableInterrupts);        
  85:Generated_Source\PSoC4/QuadDec.c **** 
  86:Generated_Source\PSoC4/QuadDec.c ****     #if (QuadDec_COUNTER_SIZE == QuadDec_COUNTER_SIZE_32_BIT)
  87:Generated_Source\PSoC4/QuadDec.c ****         /* Enable Component interrupts */
  88:Generated_Source\PSoC4/QuadDec.c ****         CyIntEnable(QuadDec_ISR_NUMBER);
  89:Generated_Source\PSoC4/QuadDec.c ****     #endif /* QuadDec_COUNTER_SIZE == QuadDec_COUNTER_SIZE_32_BIT */
  90:Generated_Source\PSoC4/QuadDec.c **** }
  91:Generated_Source\PSoC4/QuadDec.c **** 
  92:Generated_Source\PSoC4/QuadDec.c **** 
  93:Generated_Source\PSoC4/QuadDec.c **** /*******************************************************************************
  94:Generated_Source\PSoC4/QuadDec.c **** * Function Name: QuadDec_Start
  95:Generated_Source\PSoC4/QuadDec.c **** ********************************************************************************
  96:Generated_Source\PSoC4/QuadDec.c **** *
  97:Generated_Source\PSoC4/QuadDec.c **** * Summary:
  98:Generated_Source\PSoC4/QuadDec.c **** *  Initializes UDBs and other relevant hardware.
  99:Generated_Source\PSoC4/QuadDec.c **** *  Resets counter, enables or disables all relevant interrupts.
 100:Generated_Source\PSoC4/QuadDec.c **** *  Starts monitoring the inputs and counting.
 101:Generated_Source\PSoC4/QuadDec.c **** *
 102:Generated_Source\PSoC4/QuadDec.c **** * Parameters:
 103:Generated_Source\PSoC4/QuadDec.c **** *  None.
 104:Generated_Source\PSoC4/QuadDec.c **** *
ARM GAS  C:\Users\kratz\AppData\Local\Temp\cc3ETqSd.s 			page 4


 105:Generated_Source\PSoC4/QuadDec.c **** * Return:
 106:Generated_Source\PSoC4/QuadDec.c **** *  None.
 107:Generated_Source\PSoC4/QuadDec.c **** *
 108:Generated_Source\PSoC4/QuadDec.c **** * Global variables:
 109:Generated_Source\PSoC4/QuadDec.c **** *  QuadDec_initVar - used to check initial configuration, modified on
 110:Generated_Source\PSoC4/QuadDec.c **** *  first function call.
 111:Generated_Source\PSoC4/QuadDec.c **** *
 112:Generated_Source\PSoC4/QuadDec.c **** * Reentrant:
 113:Generated_Source\PSoC4/QuadDec.c **** *  No.
 114:Generated_Source\PSoC4/QuadDec.c **** *
 115:Generated_Source\PSoC4/QuadDec.c **** *******************************************************************************/
 116:Generated_Source\PSoC4/QuadDec.c **** void QuadDec_Start(void) 
 117:Generated_Source\PSoC4/QuadDec.c **** {
 118:Generated_Source\PSoC4/QuadDec.c ****     #if (QuadDec_COUNTER_SIZE == QuadDec_COUNTER_SIZE_8_BIT)
 119:Generated_Source\PSoC4/QuadDec.c ****         QuadDec_Cnt8_Start();
 120:Generated_Source\PSoC4/QuadDec.c ****         QuadDec_Cnt8_WriteCounter(QuadDec_COUNTER_INIT_VALUE);
 121:Generated_Source\PSoC4/QuadDec.c ****     #else
 122:Generated_Source\PSoC4/QuadDec.c ****         /* (QuadDec_COUNTER_SIZE == QuadDec_COUNTER_SIZE_16_BIT) || 
 123:Generated_Source\PSoC4/QuadDec.c ****         *  (QuadDec_COUNTER_SIZE == QuadDec_COUNTER_SIZE_32_BIT) 
 124:Generated_Source\PSoC4/QuadDec.c ****         */
 125:Generated_Source\PSoC4/QuadDec.c ****         QuadDec_Cnt16_Start();
 126:Generated_Source\PSoC4/QuadDec.c ****         QuadDec_Cnt16_WriteCounter(QuadDec_COUNTER_INIT_VALUE);
 127:Generated_Source\PSoC4/QuadDec.c ****     #endif /* QuadDec_COUNTER_SIZE == QuadDec_COUNTER_SIZE_8_BIT */
 128:Generated_Source\PSoC4/QuadDec.c ****     
 129:Generated_Source\PSoC4/QuadDec.c ****     #if (QuadDec_COUNTER_SIZE == QuadDec_COUNTER_SIZE_32_BIT)        
 130:Generated_Source\PSoC4/QuadDec.c ****        QuadDec_count32SoftPart = 0;
 131:Generated_Source\PSoC4/QuadDec.c ****     #endif /* QuadDec_COUNTER_SIZE == QuadDec_COUNTER_SIZE_32_BIT */
 132:Generated_Source\PSoC4/QuadDec.c **** 
 133:Generated_Source\PSoC4/QuadDec.c ****     if (QuadDec_initVar == 0u)
 134:Generated_Source\PSoC4/QuadDec.c ****     {
 135:Generated_Source\PSoC4/QuadDec.c ****         QuadDec_Init();
 136:Generated_Source\PSoC4/QuadDec.c ****         QuadDec_initVar = 1u;
 137:Generated_Source\PSoC4/QuadDec.c ****     }
 138:Generated_Source\PSoC4/QuadDec.c **** 
 139:Generated_Source\PSoC4/QuadDec.c ****     QuadDec_Enable();
 140:Generated_Source\PSoC4/QuadDec.c **** }
 141:Generated_Source\PSoC4/QuadDec.c **** 
 142:Generated_Source\PSoC4/QuadDec.c **** 
 143:Generated_Source\PSoC4/QuadDec.c **** /*******************************************************************************
 144:Generated_Source\PSoC4/QuadDec.c **** * Function Name: QuadDec_Stop
 145:Generated_Source\PSoC4/QuadDec.c **** ********************************************************************************
 146:Generated_Source\PSoC4/QuadDec.c **** *
 147:Generated_Source\PSoC4/QuadDec.c **** * Summary:
 148:Generated_Source\PSoC4/QuadDec.c **** *  Turns off UDBs and other relevant hardware.
 149:Generated_Source\PSoC4/QuadDec.c **** *
 150:Generated_Source\PSoC4/QuadDec.c **** * Parameters:
 151:Generated_Source\PSoC4/QuadDec.c **** *  None.
 152:Generated_Source\PSoC4/QuadDec.c **** *
 153:Generated_Source\PSoC4/QuadDec.c **** * Return:
 154:Generated_Source\PSoC4/QuadDec.c **** *  None.
 155:Generated_Source\PSoC4/QuadDec.c **** *
 156:Generated_Source\PSoC4/QuadDec.c **** *******************************************************************************/
 157:Generated_Source\PSoC4/QuadDec.c **** void QuadDec_Stop(void) 
 158:Generated_Source\PSoC4/QuadDec.c **** {
  68              		.loc 1 158 0
  69              		.cfi_startproc
  70              		@ args = 0, pretend = 0, frame = 0
ARM GAS  C:\Users\kratz\AppData\Local\Temp\cc3ETqSd.s 			page 5


  71              		@ frame_needed = 0, uses_anonymous_args = 0
  72 0000 10B5     		push	{r4, lr}
  73              		.cfi_def_cfa_offset 8
  74              		.cfi_offset 4, -8
  75              		.cfi_offset 14, -4
 159:Generated_Source\PSoC4/QuadDec.c ****     uint8 enableInterrupts;
 160:Generated_Source\PSoC4/QuadDec.c **** 
 161:Generated_Source\PSoC4/QuadDec.c ****     #if (QuadDec_COUNTER_SIZE == QuadDec_COUNTER_SIZE_8_BIT)
 162:Generated_Source\PSoC4/QuadDec.c ****         QuadDec_Cnt8_Stop();
 163:Generated_Source\PSoC4/QuadDec.c ****     #else 
 164:Generated_Source\PSoC4/QuadDec.c ****         /* (QuadDec_COUNTER_SIZE == QuadDec_COUNTER_SIZE_16_BIT) ||
 165:Generated_Source\PSoC4/QuadDec.c ****         *  (QuadDec_COUNTER_SIZE == QuadDec_COUNTER_SIZE_32_BIT)
 166:Generated_Source\PSoC4/QuadDec.c ****         */
 167:Generated_Source\PSoC4/QuadDec.c ****         QuadDec_Cnt16_Stop();    /* counter disable */
  76              		.loc 1 167 0
  77 0002 FFF7FEFF 		bl	QuadDec_Cnt16_Stop
  78              	.LVL3:
 168:Generated_Source\PSoC4/QuadDec.c ****     #endif /* (QuadDec_COUNTER_SIZE == QuadDec_COUNTER_SIZE_8_BIT) */
 169:Generated_Source\PSoC4/QuadDec.c ****  
 170:Generated_Source\PSoC4/QuadDec.c ****     enableInterrupts = CyEnterCriticalSection();
  79              		.loc 1 170 0
  80 0006 FFF7FEFF 		bl	CyEnterCriticalSection
  81              	.LVL4:
 171:Generated_Source\PSoC4/QuadDec.c **** 
 172:Generated_Source\PSoC4/QuadDec.c ****     /* Disable interrupts interrupts from Statusi register */
 173:Generated_Source\PSoC4/QuadDec.c ****     QuadDec_SR_AUX_CONTROL &= (uint8) (~QuadDec_INTERRUPTS_ENABLE);
  82              		.loc 1 173 0
  83 000a 054A     		ldr	r2, .L5
  84 000c 1378     		ldrb	r3, [r2]
  85 000e 1021     		movs	r1, #16
  86 0010 8B43     		bics	r3, r1
  87 0012 1370     		strb	r3, [r2]
 174:Generated_Source\PSoC4/QuadDec.c **** 
 175:Generated_Source\PSoC4/QuadDec.c ****     CyExitCriticalSection(enableInterrupts);
  88              		.loc 1 175 0
  89 0014 FFF7FEFF 		bl	CyExitCriticalSection
  90              	.LVL5:
 176:Generated_Source\PSoC4/QuadDec.c **** 
 177:Generated_Source\PSoC4/QuadDec.c ****     #if (QuadDec_COUNTER_SIZE == QuadDec_COUNTER_SIZE_32_BIT)
 178:Generated_Source\PSoC4/QuadDec.c ****         CyIntDisable(QuadDec_ISR_NUMBER);    /* interrupt disable */
  91              		.loc 1 178 0
  92 0018 0020     		movs	r0, #0
  93 001a FFF7FEFF 		bl	CyIntDisable
  94              	.LVL6:
 179:Generated_Source\PSoC4/QuadDec.c ****     #endif /* QuadDec_COUNTER_SIZE == QuadDec_COUNTER_SIZE_32_BIT */
 180:Generated_Source\PSoC4/QuadDec.c **** }
  95              		.loc 1 180 0
  96              		@ sp needed
  97 001e 10BD     		pop	{r4, pc}
  98              	.L6:
  99              		.align	2
 100              	.L5:
 101 0020 90000F40 		.word	1074725008
 102              		.cfi_endproc
 103              	.LFE4:
 104              		.size	QuadDec_Stop, .-QuadDec_Stop
 105              		.section	.text.QuadDec_GetCounter,"ax",%progbits
ARM GAS  C:\Users\kratz\AppData\Local\Temp\cc3ETqSd.s 			page 6


 106              		.align	2
 107              		.global	QuadDec_GetCounter
 108              		.code	16
 109              		.thumb_func
 110              		.type	QuadDec_GetCounter, %function
 111              	QuadDec_GetCounter:
 112              	.LFB5:
 181:Generated_Source\PSoC4/QuadDec.c **** 
 182:Generated_Source\PSoC4/QuadDec.c **** 
 183:Generated_Source\PSoC4/QuadDec.c **** /*******************************************************************************
 184:Generated_Source\PSoC4/QuadDec.c **** * Function Name: QuadDec_GetCounter
 185:Generated_Source\PSoC4/QuadDec.c **** ********************************************************************************
 186:Generated_Source\PSoC4/QuadDec.c **** *
 187:Generated_Source\PSoC4/QuadDec.c **** * Summary:
 188:Generated_Source\PSoC4/QuadDec.c **** *  Reports the current value of the counter.
 189:Generated_Source\PSoC4/QuadDec.c **** *
 190:Generated_Source\PSoC4/QuadDec.c **** * Parameters:
 191:Generated_Source\PSoC4/QuadDec.c **** *  None.
 192:Generated_Source\PSoC4/QuadDec.c **** *
 193:Generated_Source\PSoC4/QuadDec.c **** * Return:
 194:Generated_Source\PSoC4/QuadDec.c **** *  The counter value. Return type is signed and per the counter size setting.
 195:Generated_Source\PSoC4/QuadDec.c **** *  A positive value indicates clockwise movement (B before A).
 196:Generated_Source\PSoC4/QuadDec.c **** *
 197:Generated_Source\PSoC4/QuadDec.c **** * Global variables:
 198:Generated_Source\PSoC4/QuadDec.c **** *  QuadDec_count32SoftPart - used to get hi 16 bit for current value
 199:Generated_Source\PSoC4/QuadDec.c **** *  of the 32-bit counter, when Counter size equal 32-bit.
 200:Generated_Source\PSoC4/QuadDec.c **** *
 201:Generated_Source\PSoC4/QuadDec.c **** *******************************************************************************/
 202:Generated_Source\PSoC4/QuadDec.c **** int32 QuadDec_GetCounter(void) 
 203:Generated_Source\PSoC4/QuadDec.c **** {
 113              		.loc 1 203 0
 114              		.cfi_startproc
 115              		@ args = 0, pretend = 0, frame = 0
 116              		@ frame_needed = 0, uses_anonymous_args = 0
 117 0000 10B5     		push	{r4, lr}
 118              		.cfi_def_cfa_offset 8
 119              		.cfi_offset 4, -8
 120              		.cfi_offset 14, -4
 204:Generated_Source\PSoC4/QuadDec.c ****     int32 count;
 205:Generated_Source\PSoC4/QuadDec.c ****     uint16 tmpCnt;
 206:Generated_Source\PSoC4/QuadDec.c **** 
 207:Generated_Source\PSoC4/QuadDec.c ****     #if (QuadDec_COUNTER_SIZE == QuadDec_COUNTER_SIZE_32_BIT)
 208:Generated_Source\PSoC4/QuadDec.c ****         int16 hwCount;
 209:Generated_Source\PSoC4/QuadDec.c **** 
 210:Generated_Source\PSoC4/QuadDec.c ****         CyIntDisable(QuadDec_ISR_NUMBER);
 121              		.loc 1 210 0
 122 0002 0020     		movs	r0, #0
 123 0004 FFF7FEFF 		bl	CyIntDisable
 124              	.LVL7:
 211:Generated_Source\PSoC4/QuadDec.c **** 
 212:Generated_Source\PSoC4/QuadDec.c ****         tmpCnt = QuadDec_Cnt16_ReadCounter();
 125              		.loc 1 212 0
 126 0008 FFF7FEFF 		bl	QuadDec_Cnt16_ReadCounter
 127              	.LVL8:
 213:Generated_Source\PSoC4/QuadDec.c ****         hwCount = (int16) ((int32) tmpCnt - (int32) QuadDec_COUNTER_INIT_VALUE);
 128              		.loc 1 213 0
 129 000c 054B     		ldr	r3, .L8
ARM GAS  C:\Users\kratz\AppData\Local\Temp\cc3ETqSd.s 			page 7


 130 000e 9C46     		mov	ip, r3
 131 0010 6044     		add	r0, r0, ip
 132              	.LVL9:
 133 0012 00B2     		sxth	r0, r0
 134              	.LVL10:
 214:Generated_Source\PSoC4/QuadDec.c ****         count = QuadDec_count32SoftPart + hwCount;
 135              		.loc 1 214 0
 136 0014 044B     		ldr	r3, .L8+4
 137 0016 1C68     		ldr	r4, [r3]
 138 0018 0419     		adds	r4, r0, r4
 139              	.LVL11:
 215:Generated_Source\PSoC4/QuadDec.c **** 
 216:Generated_Source\PSoC4/QuadDec.c ****         CyIntEnable(QuadDec_ISR_NUMBER);
 140              		.loc 1 216 0
 141 001a 0020     		movs	r0, #0
 142              	.LVL12:
 143 001c FFF7FEFF 		bl	CyIntEnable
 144              	.LVL13:
 217:Generated_Source\PSoC4/QuadDec.c ****     #else 
 218:Generated_Source\PSoC4/QuadDec.c ****         /* (QuadDec_COUNTER_SIZE == QuadDec_COUNTER_SIZE_8_BIT) || 
 219:Generated_Source\PSoC4/QuadDec.c ****         *  (QuadDec_COUNTER_SIZE == QuadDec_COUNTER_SIZE_16_BIT)
 220:Generated_Source\PSoC4/QuadDec.c ****         */
 221:Generated_Source\PSoC4/QuadDec.c ****         #if (QuadDec_COUNTER_SIZE == QuadDec_COUNTER_SIZE_8_BIT)
 222:Generated_Source\PSoC4/QuadDec.c ****             tmpCnt = QuadDec_Cnt8_ReadCounter();
 223:Generated_Source\PSoC4/QuadDec.c ****         #else /* (QuadDec_COUNTER_SIZE == QuadDec_COUNTER_SIZE_16_BIT) */
 224:Generated_Source\PSoC4/QuadDec.c ****             tmpCnt = QuadDec_Cnt16_ReadCounter();
 225:Generated_Source\PSoC4/QuadDec.c ****         #endif  /* QuadDec_COUNTER_SIZE == QuadDec_COUNTER_SIZE_8_BIT */
 226:Generated_Source\PSoC4/QuadDec.c **** 
 227:Generated_Source\PSoC4/QuadDec.c ****         count = (int32) ((int32) tmpCnt -
 228:Generated_Source\PSoC4/QuadDec.c ****                 (int32) QuadDec_COUNTER_INIT_VALUE);
 229:Generated_Source\PSoC4/QuadDec.c **** 
 230:Generated_Source\PSoC4/QuadDec.c ****     #endif /* QuadDec_COUNTER_SIZE == QuadDec_COUNTER_SIZE_32_BIT */ 
 231:Generated_Source\PSoC4/QuadDec.c **** 
 232:Generated_Source\PSoC4/QuadDec.c ****     return (count);
 233:Generated_Source\PSoC4/QuadDec.c **** }
 145              		.loc 1 233 0
 146 0020 2000     		movs	r0, r4
 147              		@ sp needed
 148              	.LVL14:
 149 0022 10BD     		pop	{r4, pc}
 150              	.L9:
 151              		.align	2
 152              	.L8:
 153 0024 0080FFFF 		.word	-32768
 154 0028 00000000 		.word	QuadDec_count32SoftPart
 155              		.cfi_endproc
 156              	.LFE5:
 157              		.size	QuadDec_GetCounter, .-QuadDec_GetCounter
 158              		.section	.text.QuadDec_SetCounter,"ax",%progbits
 159              		.align	2
 160              		.global	QuadDec_SetCounter
 161              		.code	16
 162              		.thumb_func
 163              		.type	QuadDec_SetCounter, %function
 164              	QuadDec_SetCounter:
 165              	.LFB6:
 234:Generated_Source\PSoC4/QuadDec.c **** 
ARM GAS  C:\Users\kratz\AppData\Local\Temp\cc3ETqSd.s 			page 8


 235:Generated_Source\PSoC4/QuadDec.c **** 
 236:Generated_Source\PSoC4/QuadDec.c **** /*******************************************************************************
 237:Generated_Source\PSoC4/QuadDec.c **** * Function Name: QuadDec_SetCounter
 238:Generated_Source\PSoC4/QuadDec.c **** ********************************************************************************
 239:Generated_Source\PSoC4/QuadDec.c **** *
 240:Generated_Source\PSoC4/QuadDec.c **** * Summary:
 241:Generated_Source\PSoC4/QuadDec.c **** *  Sets the current value of the counter.
 242:Generated_Source\PSoC4/QuadDec.c **** *
 243:Generated_Source\PSoC4/QuadDec.c **** * Parameters:
 244:Generated_Source\PSoC4/QuadDec.c **** *  value:  The new value. Parameter type is signed and per the counter size
 245:Generated_Source\PSoC4/QuadDec.c **** *  setting.
 246:Generated_Source\PSoC4/QuadDec.c **** *
 247:Generated_Source\PSoC4/QuadDec.c **** * Return:
 248:Generated_Source\PSoC4/QuadDec.c **** *  None.
 249:Generated_Source\PSoC4/QuadDec.c **** *
 250:Generated_Source\PSoC4/QuadDec.c **** * Global variables:
 251:Generated_Source\PSoC4/QuadDec.c **** *  QuadDec_count32SoftPart - modified to set hi 16 bit for current
 252:Generated_Source\PSoC4/QuadDec.c **** *  value of the 32-bit counter, when Counter size equal 32-bit.
 253:Generated_Source\PSoC4/QuadDec.c **** *
 254:Generated_Source\PSoC4/QuadDec.c **** * Reentrant:
 255:Generated_Source\PSoC4/QuadDec.c **** *  No.
 256:Generated_Source\PSoC4/QuadDec.c **** *
 257:Generated_Source\PSoC4/QuadDec.c **** *******************************************************************************/
 258:Generated_Source\PSoC4/QuadDec.c **** void QuadDec_SetCounter(int32 value) 
 259:Generated_Source\PSoC4/QuadDec.c **** {
 166              		.loc 1 259 0
 167              		.cfi_startproc
 168              		@ args = 0, pretend = 0, frame = 0
 169              		@ frame_needed = 0, uses_anonymous_args = 0
 170              	.LVL15:
 171 0000 10B5     		push	{r4, lr}
 172              		.cfi_def_cfa_offset 8
 173              		.cfi_offset 4, -8
 174              		.cfi_offset 14, -4
 175 0002 0400     		movs	r4, r0
 260:Generated_Source\PSoC4/QuadDec.c ****     #if ((QuadDec_COUNTER_SIZE == QuadDec_COUNTER_SIZE_8_BIT) || \
 261:Generated_Source\PSoC4/QuadDec.c ****          (QuadDec_COUNTER_SIZE == QuadDec_COUNTER_SIZE_16_BIT))
 262:Generated_Source\PSoC4/QuadDec.c ****         uint16 count;
 263:Generated_Source\PSoC4/QuadDec.c ****         
 264:Generated_Source\PSoC4/QuadDec.c ****         if (value >= 0)
 265:Generated_Source\PSoC4/QuadDec.c ****         {
 266:Generated_Source\PSoC4/QuadDec.c ****             count = (uint16) value + QuadDec_COUNTER_INIT_VALUE;
 267:Generated_Source\PSoC4/QuadDec.c ****         }
 268:Generated_Source\PSoC4/QuadDec.c ****         else
 269:Generated_Source\PSoC4/QuadDec.c ****         {
 270:Generated_Source\PSoC4/QuadDec.c ****             count = QuadDec_COUNTER_INIT_VALUE - (uint16)(-value);
 271:Generated_Source\PSoC4/QuadDec.c ****         }
 272:Generated_Source\PSoC4/QuadDec.c ****         #if (QuadDec_COUNTER_SIZE == QuadDec_COUNTER_SIZE_8_BIT)
 273:Generated_Source\PSoC4/QuadDec.c ****             QuadDec_Cnt8_WriteCounter(count);
 274:Generated_Source\PSoC4/QuadDec.c ****         #else /* (QuadDec_COUNTER_SIZE == QuadDec_COUNTER_SIZE_16_BIT) */
 275:Generated_Source\PSoC4/QuadDec.c ****             QuadDec_Cnt16_WriteCounter(count);
 276:Generated_Source\PSoC4/QuadDec.c ****         #endif  /* QuadDec_COUNTER_SIZE == QuadDec_COUNTER_SIZE_8_BIT */
 277:Generated_Source\PSoC4/QuadDec.c ****     #else /* (QuadDec_COUNTER_SIZE == QuadDec_COUNTER_SIZE_32_BIT) */
 278:Generated_Source\PSoC4/QuadDec.c ****         CyIntDisable(QuadDec_ISR_NUMBER);
 176              		.loc 1 278 0
 177 0004 0020     		movs	r0, #0
 178              	.LVL16:
ARM GAS  C:\Users\kratz\AppData\Local\Temp\cc3ETqSd.s 			page 9


 179 0006 FFF7FEFF 		bl	CyIntDisable
 180              	.LVL17:
 279:Generated_Source\PSoC4/QuadDec.c **** 
 280:Generated_Source\PSoC4/QuadDec.c ****         QuadDec_Cnt16_WriteCounter(QuadDec_COUNTER_INIT_VALUE);
 181              		.loc 1 280 0
 182 000a 8020     		movs	r0, #128
 183 000c 0002     		lsls	r0, r0, #8
 184 000e FFF7FEFF 		bl	QuadDec_Cnt16_WriteCounter
 185              	.LVL18:
 281:Generated_Source\PSoC4/QuadDec.c ****         QuadDec_count32SoftPart = value;
 186              		.loc 1 281 0
 187 0012 034B     		ldr	r3, .L11
 188 0014 1C60     		str	r4, [r3]
 282:Generated_Source\PSoC4/QuadDec.c **** 
 283:Generated_Source\PSoC4/QuadDec.c ****         CyIntEnable(QuadDec_ISR_NUMBER);
 189              		.loc 1 283 0
 190 0016 0020     		movs	r0, #0
 191 0018 FFF7FEFF 		bl	CyIntEnable
 192              	.LVL19:
 284:Generated_Source\PSoC4/QuadDec.c ****     #endif  /* (QuadDec_COUNTER_SIZE == QuadDec_COUNTER_SIZE_8_BIT) ||
 285:Generated_Source\PSoC4/QuadDec.c ****              * (QuadDec_COUNTER_SIZE == QuadDec_COUNTER_SIZE_16_BIT)
 286:Generated_Source\PSoC4/QuadDec.c ****              */
 287:Generated_Source\PSoC4/QuadDec.c **** }
 193              		.loc 1 287 0
 194              		@ sp needed
 195              	.LVL20:
 196 001c 10BD     		pop	{r4, pc}
 197              	.L12:
 198 001e C046     		.align	2
 199              	.L11:
 200 0020 00000000 		.word	QuadDec_count32SoftPart
 201              		.cfi_endproc
 202              	.LFE6:
 203              		.size	QuadDec_SetCounter, .-QuadDec_SetCounter
 204              		.section	.text.QuadDec_GetEvents,"ax",%progbits
 205              		.align	2
 206              		.global	QuadDec_GetEvents
 207              		.code	16
 208              		.thumb_func
 209              		.type	QuadDec_GetEvents, %function
 210              	QuadDec_GetEvents:
 211              	.LFB7:
 288:Generated_Source\PSoC4/QuadDec.c **** 
 289:Generated_Source\PSoC4/QuadDec.c **** 
 290:Generated_Source\PSoC4/QuadDec.c **** /*******************************************************************************
 291:Generated_Source\PSoC4/QuadDec.c **** * Function Name: QuadDec_GetEvents
 292:Generated_Source\PSoC4/QuadDec.c **** ********************************************************************************
 293:Generated_Source\PSoC4/QuadDec.c **** * 
 294:Generated_Source\PSoC4/QuadDec.c **** * Summary:
 295:Generated_Source\PSoC4/QuadDec.c **** *   Reports the current status of events. This function clears the bits of the 
 296:Generated_Source\PSoC4/QuadDec.c **** *   status register.
 297:Generated_Source\PSoC4/QuadDec.c **** *
 298:Generated_Source\PSoC4/QuadDec.c **** * Parameters:
 299:Generated_Source\PSoC4/QuadDec.c **** *  None.
 300:Generated_Source\PSoC4/QuadDec.c **** *
 301:Generated_Source\PSoC4/QuadDec.c **** * Return:
 302:Generated_Source\PSoC4/QuadDec.c **** *  The events, as bits in an unsigned 8-bit value:
ARM GAS  C:\Users\kratz\AppData\Local\Temp\cc3ETqSd.s 			page 10


 303:Generated_Source\PSoC4/QuadDec.c **** *    Bit      Description
 304:Generated_Source\PSoC4/QuadDec.c **** *     0        Counter overflow.
 305:Generated_Source\PSoC4/QuadDec.c **** *     1        Counter underflow.
 306:Generated_Source\PSoC4/QuadDec.c **** *     2        Counter reset due to index, if index input is used.
 307:Generated_Source\PSoC4/QuadDec.c **** *     3        Invalid A, B inputs state transition.
 308:Generated_Source\PSoC4/QuadDec.c **** *
 309:Generated_Source\PSoC4/QuadDec.c **** *******************************************************************************/
 310:Generated_Source\PSoC4/QuadDec.c **** uint8 QuadDec_GetEvents(void) 
 311:Generated_Source\PSoC4/QuadDec.c **** {
 212              		.loc 1 311 0
 213              		.cfi_startproc
 214              		@ args = 0, pretend = 0, frame = 0
 215              		@ frame_needed = 0, uses_anonymous_args = 0
 216              		@ link register save eliminated.
 312:Generated_Source\PSoC4/QuadDec.c ****     return (QuadDec_STATUS_REG & QuadDec_INIT_INT_MASK);
 217              		.loc 1 312 0
 218 0000 024B     		ldr	r3, .L14
 219 0002 1878     		ldrb	r0, [r3]
 220 0004 0F23     		movs	r3, #15
 221 0006 1840     		ands	r0, r3
 313:Generated_Source\PSoC4/QuadDec.c **** }
 222              		.loc 1 313 0
 223              		@ sp needed
 224 0008 7047     		bx	lr
 225              	.L15:
 226 000a C046     		.align	2
 227              	.L14:
 228 000c 60000F40 		.word	1074724960
 229              		.cfi_endproc
 230              	.LFE7:
 231              		.size	QuadDec_GetEvents, .-QuadDec_GetEvents
 232              		.section	.text.QuadDec_SetInterruptMask,"ax",%progbits
 233              		.align	2
 234              		.global	QuadDec_SetInterruptMask
 235              		.code	16
 236              		.thumb_func
 237              		.type	QuadDec_SetInterruptMask, %function
 238              	QuadDec_SetInterruptMask:
 239              	.LFB8:
 314:Generated_Source\PSoC4/QuadDec.c **** 
 315:Generated_Source\PSoC4/QuadDec.c **** 
 316:Generated_Source\PSoC4/QuadDec.c **** /*******************************************************************************
 317:Generated_Source\PSoC4/QuadDec.c **** * Function Name: QuadDec_SetInterruptMask
 318:Generated_Source\PSoC4/QuadDec.c **** ********************************************************************************
 319:Generated_Source\PSoC4/QuadDec.c **** *
 320:Generated_Source\PSoC4/QuadDec.c **** * Summary:
 321:Generated_Source\PSoC4/QuadDec.c **** *  Enables / disables interrupts due to the events.
 322:Generated_Source\PSoC4/QuadDec.c **** *  For the 32-bit counter, the overflow, underflow and reset interrupts cannot
 323:Generated_Source\PSoC4/QuadDec.c **** *  be disabled, these bits are ignored.
 324:Generated_Source\PSoC4/QuadDec.c **** *
 325:Generated_Source\PSoC4/QuadDec.c **** * Parameters:
 326:Generated_Source\PSoC4/QuadDec.c **** *  mask: Enable / disable bits in an 8-bit value, where 1 enables the interrupt.
 327:Generated_Source\PSoC4/QuadDec.c **** *
 328:Generated_Source\PSoC4/QuadDec.c **** * Return:
 329:Generated_Source\PSoC4/QuadDec.c **** *  None.
 330:Generated_Source\PSoC4/QuadDec.c **** *
 331:Generated_Source\PSoC4/QuadDec.c **** *******************************************************************************/
ARM GAS  C:\Users\kratz\AppData\Local\Temp\cc3ETqSd.s 			page 11


 332:Generated_Source\PSoC4/QuadDec.c **** void QuadDec_SetInterruptMask(uint8 mask) 
 333:Generated_Source\PSoC4/QuadDec.c **** {
 240              		.loc 1 333 0
 241              		.cfi_startproc
 242              		@ args = 0, pretend = 0, frame = 0
 243              		@ frame_needed = 0, uses_anonymous_args = 0
 244              		@ link register save eliminated.
 245              	.LVL21:
 334:Generated_Source\PSoC4/QuadDec.c ****     #if (QuadDec_COUNTER_SIZE == QuadDec_COUNTER_SIZE_32_BIT)
 335:Generated_Source\PSoC4/QuadDec.c ****         /* Underflow, Overflow and Reset interrupts for 32-bit Counter are always enable */
 336:Generated_Source\PSoC4/QuadDec.c ****         mask |= (QuadDec_COUNTER_OVERFLOW | QuadDec_COUNTER_UNDERFLOW |
 246              		.loc 1 336 0
 247 0000 0723     		movs	r3, #7
 248 0002 1843     		orrs	r0, r3
 249              	.LVL22:
 250 0004 C0B2     		uxtb	r0, r0
 251              	.LVL23:
 337:Generated_Source\PSoC4/QuadDec.c ****                  QuadDec_COUNTER_RESET);
 338:Generated_Source\PSoC4/QuadDec.c ****     #endif /* QuadDec_COUNTER_SIZE == QuadDec_COUNTER_SIZE_32_BIT */
 339:Generated_Source\PSoC4/QuadDec.c **** 
 340:Generated_Source\PSoC4/QuadDec.c ****     QuadDec_STATUS_MASK = mask;
 252              		.loc 1 340 0
 253 0006 014B     		ldr	r3, .L17
 254 0008 1870     		strb	r0, [r3]
 341:Generated_Source\PSoC4/QuadDec.c **** }
 255              		.loc 1 341 0
 256              		@ sp needed
 257 000a 7047     		bx	lr
 258              	.L18:
 259              		.align	2
 260              	.L17:
 261 000c 80000F40 		.word	1074724992
 262              		.cfi_endproc
 263              	.LFE8:
 264              		.size	QuadDec_SetInterruptMask, .-QuadDec_SetInterruptMask
 265              		.section	.text.QuadDec_Enable,"ax",%progbits
 266              		.align	2
 267              		.global	QuadDec_Enable
 268              		.code	16
 269              		.thumb_func
 270              		.type	QuadDec_Enable, %function
 271              	QuadDec_Enable:
 272              	.LFB2:
  71:Generated_Source\PSoC4/QuadDec.c ****     uint8 enableInterrupts;
 273              		.loc 1 71 0
 274              		.cfi_startproc
 275              		@ args = 0, pretend = 0, frame = 0
 276              		@ frame_needed = 0, uses_anonymous_args = 0
 277 0000 10B5     		push	{r4, lr}
 278              		.cfi_def_cfa_offset 8
 279              		.cfi_offset 4, -8
 280              		.cfi_offset 14, -4
  74:Generated_Source\PSoC4/QuadDec.c **** 
 281              		.loc 1 74 0
 282 0002 0F20     		movs	r0, #15
 283 0004 FFF7FEFF 		bl	QuadDec_SetInterruptMask
 284              	.LVL24:
ARM GAS  C:\Users\kratz\AppData\Local\Temp\cc3ETqSd.s 			page 12


  77:Generated_Source\PSoC4/QuadDec.c ****     
 285              		.loc 1 77 0
 286 0008 FFF7FEFF 		bl	QuadDec_GetEvents
 287              	.LVL25:
  79:Generated_Source\PSoC4/QuadDec.c **** 
 288              		.loc 1 79 0
 289 000c FFF7FEFF 		bl	CyEnterCriticalSection
 290              	.LVL26:
  82:Generated_Source\PSoC4/QuadDec.c **** 
 291              		.loc 1 82 0
 292 0010 054A     		ldr	r2, .L20
 293 0012 1178     		ldrb	r1, [r2]
 294 0014 1023     		movs	r3, #16
 295 0016 0B43     		orrs	r3, r1
 296 0018 DBB2     		uxtb	r3, r3
 297 001a 1370     		strb	r3, [r2]
  84:Generated_Source\PSoC4/QuadDec.c **** 
 298              		.loc 1 84 0
 299 001c FFF7FEFF 		bl	CyExitCriticalSection
 300              	.LVL27:
  88:Generated_Source\PSoC4/QuadDec.c ****     #endif /* QuadDec_COUNTER_SIZE == QuadDec_COUNTER_SIZE_32_BIT */
 301              		.loc 1 88 0
 302 0020 0020     		movs	r0, #0
 303 0022 FFF7FEFF 		bl	CyIntEnable
 304              	.LVL28:
  90:Generated_Source\PSoC4/QuadDec.c **** 
 305              		.loc 1 90 0
 306              		@ sp needed
 307 0026 10BD     		pop	{r4, pc}
 308              	.L21:
 309              		.align	2
 310              	.L20:
 311 0028 90000F40 		.word	1074725008
 312              		.cfi_endproc
 313              	.LFE2:
 314              		.size	QuadDec_Enable, .-QuadDec_Enable
 315              		.section	.text.QuadDec_Start,"ax",%progbits
 316              		.align	2
 317              		.global	QuadDec_Start
 318              		.code	16
 319              		.thumb_func
 320              		.type	QuadDec_Start, %function
 321              	QuadDec_Start:
 322              	.LFB3:
 117:Generated_Source\PSoC4/QuadDec.c ****     #if (QuadDec_COUNTER_SIZE == QuadDec_COUNTER_SIZE_8_BIT)
 323              		.loc 1 117 0
 324              		.cfi_startproc
 325              		@ args = 0, pretend = 0, frame = 0
 326              		@ frame_needed = 0, uses_anonymous_args = 0
 327 0000 10B5     		push	{r4, lr}
 328              		.cfi_def_cfa_offset 8
 329              		.cfi_offset 4, -8
 330              		.cfi_offset 14, -4
 125:Generated_Source\PSoC4/QuadDec.c ****         QuadDec_Cnt16_WriteCounter(QuadDec_COUNTER_INIT_VALUE);
 331              		.loc 1 125 0
 332 0002 FFF7FEFF 		bl	QuadDec_Cnt16_Start
 333              	.LVL29:
ARM GAS  C:\Users\kratz\AppData\Local\Temp\cc3ETqSd.s 			page 13


 126:Generated_Source\PSoC4/QuadDec.c ****     #endif /* QuadDec_COUNTER_SIZE == QuadDec_COUNTER_SIZE_8_BIT */
 334              		.loc 1 126 0
 335 0006 8020     		movs	r0, #128
 336 0008 0002     		lsls	r0, r0, #8
 337 000a FFF7FEFF 		bl	QuadDec_Cnt16_WriteCounter
 338              	.LVL30:
 130:Generated_Source\PSoC4/QuadDec.c ****     #endif /* QuadDec_COUNTER_SIZE == QuadDec_COUNTER_SIZE_32_BIT */
 339              		.loc 1 130 0
 340 000e 0022     		movs	r2, #0
 341 0010 064B     		ldr	r3, .L24
 342 0012 1A60     		str	r2, [r3]
 133:Generated_Source\PSoC4/QuadDec.c ****     {
 343              		.loc 1 133 0
 344 0014 064B     		ldr	r3, .L24+4
 345 0016 1B78     		ldrb	r3, [r3]
 346 0018 002B     		cmp	r3, #0
 347 001a 04D1     		bne	.L23
 135:Generated_Source\PSoC4/QuadDec.c ****         QuadDec_initVar = 1u;
 348              		.loc 1 135 0
 349 001c FFF7FEFF 		bl	QuadDec_Init
 350              	.LVL31:
 136:Generated_Source\PSoC4/QuadDec.c ****     }
 351              		.loc 1 136 0
 352 0020 0122     		movs	r2, #1
 353 0022 034B     		ldr	r3, .L24+4
 354 0024 1A70     		strb	r2, [r3]
 355              	.L23:
 139:Generated_Source\PSoC4/QuadDec.c **** }
 356              		.loc 1 139 0
 357 0026 FFF7FEFF 		bl	QuadDec_Enable
 358              	.LVL32:
 140:Generated_Source\PSoC4/QuadDec.c **** 
 359              		.loc 1 140 0
 360              		@ sp needed
 361 002a 10BD     		pop	{r4, pc}
 362              	.L25:
 363              		.align	2
 364              	.L24:
 365 002c 00000000 		.word	QuadDec_count32SoftPart
 366 0030 00000000 		.word	.LANCHOR0
 367              		.cfi_endproc
 368              	.LFE3:
 369              		.size	QuadDec_Start, .-QuadDec_Start
 370              		.section	.text.QuadDec_GetInterruptMask,"ax",%progbits
 371              		.align	2
 372              		.global	QuadDec_GetInterruptMask
 373              		.code	16
 374              		.thumb_func
 375              		.type	QuadDec_GetInterruptMask, %function
 376              	QuadDec_GetInterruptMask:
 377              	.LFB9:
 342:Generated_Source\PSoC4/QuadDec.c **** 
 343:Generated_Source\PSoC4/QuadDec.c **** 
 344:Generated_Source\PSoC4/QuadDec.c **** /*******************************************************************************
 345:Generated_Source\PSoC4/QuadDec.c **** * Function Name: QuadDec_GetInterruptMask
 346:Generated_Source\PSoC4/QuadDec.c **** ********************************************************************************
 347:Generated_Source\PSoC4/QuadDec.c **** *
ARM GAS  C:\Users\kratz\AppData\Local\Temp\cc3ETqSd.s 			page 14


 348:Generated_Source\PSoC4/QuadDec.c **** * Summary:
 349:Generated_Source\PSoC4/QuadDec.c **** *  Reports the current interrupt mask settings.
 350:Generated_Source\PSoC4/QuadDec.c **** *
 351:Generated_Source\PSoC4/QuadDec.c **** * Parameters:
 352:Generated_Source\PSoC4/QuadDec.c **** *  None.
 353:Generated_Source\PSoC4/QuadDec.c **** *
 354:Generated_Source\PSoC4/QuadDec.c **** * Return:
 355:Generated_Source\PSoC4/QuadDec.c **** *  Enable / disable bits in an 8-bit value, where 1 enables the interrupt.
 356:Generated_Source\PSoC4/QuadDec.c **** *  For the 32-bit counter, the overflow, underflow and reset enable bits are
 357:Generated_Source\PSoC4/QuadDec.c **** *  always set.
 358:Generated_Source\PSoC4/QuadDec.c **** *
 359:Generated_Source\PSoC4/QuadDec.c **** *******************************************************************************/
 360:Generated_Source\PSoC4/QuadDec.c **** uint8 QuadDec_GetInterruptMask(void) 
 361:Generated_Source\PSoC4/QuadDec.c **** {
 378              		.loc 1 361 0
 379              		.cfi_startproc
 380              		@ args = 0, pretend = 0, frame = 0
 381              		@ frame_needed = 0, uses_anonymous_args = 0
 382              		@ link register save eliminated.
 362:Generated_Source\PSoC4/QuadDec.c ****     return (QuadDec_STATUS_MASK & QuadDec_INIT_INT_MASK);
 383              		.loc 1 362 0
 384 0000 024B     		ldr	r3, .L27
 385 0002 1878     		ldrb	r0, [r3]
 386 0004 0F23     		movs	r3, #15
 387 0006 1840     		ands	r0, r3
 363:Generated_Source\PSoC4/QuadDec.c **** }
 388              		.loc 1 363 0
 389              		@ sp needed
 390 0008 7047     		bx	lr
 391              	.L28:
 392 000a C046     		.align	2
 393              	.L27:
 394 000c 80000F40 		.word	1074724992
 395              		.cfi_endproc
 396              	.LFE9:
 397              		.size	QuadDec_GetInterruptMask, .-QuadDec_GetInterruptMask
 398              		.global	QuadDec_initVar
 399              		.bss
 400              		.set	.LANCHOR0,. + 0
 401              		.type	QuadDec_initVar, %object
 402              		.size	QuadDec_initVar, 1
 403              	QuadDec_initVar:
 404 0000 00       		.space	1
 405              		.text
 406              	.Letext0:
 407              		.file 2 "Generated_Source\\PSoC4\\cytypes.h"
 408              		.file 3 "Generated_Source\\PSoC4\\QuadDec_PVT.h"
 409              		.file 4 "Generated_Source\\PSoC4\\CyLib.h"
 410              		.file 5 "Generated_Source\\PSoC4\\QuadDec_Cnt16.h"
 411              		.section	.debug_info,"",%progbits
 412              	.Ldebug_info0:
 413 0000 C5030000 		.4byte	0x3c5
 414 0004 0400     		.2byte	0x4
 415 0006 00000000 		.4byte	.Ldebug_abbrev0
 416 000a 04       		.byte	0x4
 417 000b 01       		.uleb128 0x1
 418 000c 39020000 		.4byte	.LASF45
ARM GAS  C:\Users\kratz\AppData\Local\Temp\cc3ETqSd.s 			page 15


 419 0010 0C       		.byte	0xc
 420 0011 CE000000 		.4byte	.LASF46
 421 0015 00000000 		.4byte	.LASF47
 422 0019 00000000 		.4byte	.Ldebug_ranges0+0
 423 001d 00000000 		.4byte	0
 424 0021 00000000 		.4byte	.Ldebug_line0
 425 0025 02       		.uleb128 0x2
 426 0026 01       		.byte	0x1
 427 0027 06       		.byte	0x6
 428 0028 58030000 		.4byte	.LASF0
 429 002c 02       		.uleb128 0x2
 430 002d 01       		.byte	0x1
 431 002e 08       		.byte	0x8
 432 002f 2E010000 		.4byte	.LASF1
 433 0033 02       		.uleb128 0x2
 434 0034 02       		.byte	0x2
 435 0035 05       		.byte	0x5
 436 0036 1B030000 		.4byte	.LASF2
 437 003a 02       		.uleb128 0x2
 438 003b 02       		.byte	0x2
 439 003c 07       		.byte	0x7
 440 003d 71000000 		.4byte	.LASF3
 441 0041 02       		.uleb128 0x2
 442 0042 04       		.byte	0x4
 443 0043 05       		.byte	0x5
 444 0044 3E030000 		.4byte	.LASF4
 445 0048 02       		.uleb128 0x2
 446 0049 04       		.byte	0x4
 447 004a 07       		.byte	0x7
 448 004b 7F010000 		.4byte	.LASF5
 449 004f 02       		.uleb128 0x2
 450 0050 08       		.byte	0x8
 451 0051 05       		.byte	0x5
 452 0052 D5020000 		.4byte	.LASF6
 453 0056 02       		.uleb128 0x2
 454 0057 08       		.byte	0x8
 455 0058 07       		.byte	0x7
 456 0059 04010000 		.4byte	.LASF7
 457 005d 03       		.uleb128 0x3
 458 005e 04       		.byte	0x4
 459 005f 05       		.byte	0x5
 460 0060 696E7400 		.ascii	"int\000"
 461 0064 02       		.uleb128 0x2
 462 0065 04       		.byte	0x4
 463 0066 07       		.byte	0x7
 464 0067 05020000 		.4byte	.LASF8
 465 006b 04       		.uleb128 0x4
 466 006c 25030000 		.4byte	.LASF9
 467 0070 02       		.byte	0x2
 468 0071 FB01     		.2byte	0x1fb
 469 0073 2C000000 		.4byte	0x2c
 470 0077 04       		.uleb128 0x4
 471 0078 E7010000 		.4byte	.LASF10
 472 007c 02       		.byte	0x2
 473 007d FC01     		.2byte	0x1fc
 474 007f 3A000000 		.4byte	0x3a
 475 0083 04       		.uleb128 0x4
ARM GAS  C:\Users\kratz\AppData\Local\Temp\cc3ETqSd.s 			page 16


 476 0084 79010000 		.4byte	.LASF11
 477 0088 02       		.byte	0x2
 478 0089 FF01     		.2byte	0x1ff
 479 008b 33000000 		.4byte	0x33
 480 008f 04       		.uleb128 0x4
 481 0090 91010000 		.4byte	.LASF12
 482 0094 02       		.byte	0x2
 483 0095 0002     		.2byte	0x200
 484 0097 41000000 		.4byte	0x41
 485 009b 02       		.uleb128 0x2
 486 009c 04       		.byte	0x4
 487 009d 04       		.byte	0x4
 488 009e FE000000 		.4byte	.LASF13
 489 00a2 02       		.uleb128 0x2
 490 00a3 08       		.byte	0x8
 491 00a4 04       		.byte	0x4
 492 00a5 C1010000 		.4byte	.LASF14
 493 00a9 02       		.uleb128 0x2
 494 00aa 01       		.byte	0x1
 495 00ab 08       		.byte	0x8
 496 00ac 47030000 		.4byte	.LASF15
 497 00b0 04       		.uleb128 0x4
 498 00b1 C7020000 		.4byte	.LASF16
 499 00b5 02       		.byte	0x2
 500 00b6 A502     		.2byte	0x2a5
 501 00b8 BC000000 		.4byte	0xbc
 502 00bc 05       		.uleb128 0x5
 503 00bd 6B000000 		.4byte	0x6b
 504 00c1 02       		.uleb128 0x2
 505 00c2 08       		.byte	0x8
 506 00c3 04       		.byte	0x4
 507 00c4 4C030000 		.4byte	.LASF17
 508 00c8 02       		.uleb128 0x2
 509 00c9 04       		.byte	0x4
 510 00ca 07       		.byte	0x7
 511 00cb CC020000 		.4byte	.LASF18
 512 00cf 06       		.uleb128 0x6
 513 00d0 01030000 		.4byte	.LASF19
 514 00d4 01       		.byte	0x1
 515 00d5 2A       		.byte	0x2a
 516 00d6 00000000 		.4byte	.LFB1
 517 00da 20000000 		.4byte	.LFE1-.LFB1
 518 00de 01       		.uleb128 0x1
 519 00df 9C       		.byte	0x9c
 520 00e0 1F010000 		.4byte	0x11f
 521 00e4 07       		.uleb128 0x7
 522 00e5 08000000 		.4byte	.LVL0
 523 00e9 5A030000 		.4byte	0x35a
 524 00ed F7000000 		.4byte	0xf7
 525 00f1 08       		.uleb128 0x8
 526 00f2 01       		.uleb128 0x1
 527 00f3 50       		.byte	0x50
 528 00f4 01       		.uleb128 0x1
 529 00f5 30       		.byte	0x30
 530 00f6 00       		.byte	0
 531 00f7 07       		.uleb128 0x7
 532 00f8 10000000 		.4byte	.LVL1
ARM GAS  C:\Users\kratz\AppData\Local\Temp\cc3ETqSd.s 			page 17


 533 00fc 65030000 		.4byte	0x365
 534 0100 0A010000 		.4byte	0x10a
 535 0104 08       		.uleb128 0x8
 536 0105 01       		.uleb128 0x1
 537 0106 50       		.byte	0x50
 538 0107 01       		.uleb128 0x1
 539 0108 30       		.byte	0x30
 540 0109 00       		.byte	0
 541 010a 09       		.uleb128 0x9
 542 010b 18000000 		.4byte	.LVL2
 543 010f 70030000 		.4byte	0x370
 544 0113 08       		.uleb128 0x8
 545 0114 01       		.uleb128 0x1
 546 0115 50       		.byte	0x50
 547 0116 01       		.uleb128 0x1
 548 0117 30       		.byte	0x30
 549 0118 08       		.uleb128 0x8
 550 0119 01       		.uleb128 0x1
 551 011a 51       		.byte	0x51
 552 011b 01       		.uleb128 0x1
 553 011c 33       		.byte	0x33
 554 011d 00       		.byte	0
 555 011e 00       		.byte	0
 556 011f 06       		.uleb128 0x6
 557 0120 64030000 		.4byte	.LASF20
 558 0124 01       		.byte	0x1
 559 0125 9D       		.byte	0x9d
 560 0126 00000000 		.4byte	.LFB4
 561 012a 24000000 		.4byte	.LFE4-.LFB4
 562 012e 01       		.uleb128 0x1
 563 012f 9C       		.byte	0x9c
 564 0130 6E010000 		.4byte	0x16e
 565 0134 0A       		.uleb128 0xa
 566 0135 A9010000 		.4byte	.LASF21
 567 0139 01       		.byte	0x1
 568 013a 9F       		.byte	0x9f
 569 013b 6B000000 		.4byte	0x6b
 570 013f 00000000 		.4byte	.LLST0
 571 0143 0B       		.uleb128 0xb
 572 0144 06000000 		.4byte	.LVL3
 573 0148 7B030000 		.4byte	0x37b
 574 014c 0B       		.uleb128 0xb
 575 014d 0A000000 		.4byte	.LVL4
 576 0151 86030000 		.4byte	0x386
 577 0155 0B       		.uleb128 0xb
 578 0156 18000000 		.4byte	.LVL5
 579 015a 91030000 		.4byte	0x391
 580 015e 09       		.uleb128 0x9
 581 015f 1E000000 		.4byte	.LVL6
 582 0163 5A030000 		.4byte	0x35a
 583 0167 08       		.uleb128 0x8
 584 0168 01       		.uleb128 0x1
 585 0169 50       		.byte	0x50
 586 016a 01       		.uleb128 0x1
 587 016b 30       		.byte	0x30
 588 016c 00       		.byte	0
 589 016d 00       		.byte	0
ARM GAS  C:\Users\kratz\AppData\Local\Temp\cc3ETqSd.s 			page 18


 590 016e 0C       		.uleb128 0xc
 591 016f C8010000 		.4byte	.LASF48
 592 0173 01       		.byte	0x1
 593 0174 CA       		.byte	0xca
 594 0175 8F000000 		.4byte	0x8f
 595 0179 00000000 		.4byte	.LFB5
 596 017d 2C000000 		.4byte	.LFE5-.LFB5
 597 0181 01       		.uleb128 0x1
 598 0182 9C       		.byte	0x9c
 599 0183 E0010000 		.4byte	0x1e0
 600 0187 0A       		.uleb128 0xa
 601 0188 6B000000 		.4byte	.LASF22
 602 018c 01       		.byte	0x1
 603 018d CC       		.byte	0xcc
 604 018e 8F000000 		.4byte	0x8f
 605 0192 13000000 		.4byte	.LLST1
 606 0196 0A       		.uleb128 0xa
 607 0197 BA010000 		.4byte	.LASF23
 608 019b 01       		.byte	0x1
 609 019c CD       		.byte	0xcd
 610 019d 77000000 		.4byte	0x77
 611 01a1 31000000 		.4byte	.LLST2
 612 01a5 0A       		.uleb128 0xa
 613 01a6 57010000 		.4byte	.LASF24
 614 01aa 01       		.byte	0x1
 615 01ab D0       		.byte	0xd0
 616 01ac 83000000 		.4byte	0x83
 617 01b0 44000000 		.4byte	.LLST3
 618 01b4 07       		.uleb128 0x7
 619 01b5 08000000 		.4byte	.LVL7
 620 01b9 5A030000 		.4byte	0x35a
 621 01bd C7010000 		.4byte	0x1c7
 622 01c1 08       		.uleb128 0x8
 623 01c2 01       		.uleb128 0x1
 624 01c3 50       		.byte	0x50
 625 01c4 01       		.uleb128 0x1
 626 01c5 30       		.byte	0x30
 627 01c6 00       		.byte	0
 628 01c7 0B       		.uleb128 0xb
 629 01c8 0C000000 		.4byte	.LVL8
 630 01cc 9C030000 		.4byte	0x39c
 631 01d0 09       		.uleb128 0x9
 632 01d1 20000000 		.4byte	.LVL13
 633 01d5 A7030000 		.4byte	0x3a7
 634 01d9 08       		.uleb128 0x8
 635 01da 01       		.uleb128 0x1
 636 01db 50       		.byte	0x50
 637 01dc 01       		.uleb128 0x1
 638 01dd 30       		.byte	0x30
 639 01de 00       		.byte	0
 640 01df 00       		.byte	0
 641 01e0 0D       		.uleb128 0xd
 642 01e1 2B030000 		.4byte	.LASF25
 643 01e5 01       		.byte	0x1
 644 01e6 0201     		.2byte	0x102
 645 01e8 00000000 		.4byte	.LFB6
 646 01ec 24000000 		.4byte	.LFE6-.LFB6
ARM GAS  C:\Users\kratz\AppData\Local\Temp\cc3ETqSd.s 			page 19


 647 01f0 01       		.uleb128 0x1
 648 01f1 9C       		.byte	0x9c
 649 01f2 3E020000 		.4byte	0x23e
 650 01f6 0E       		.uleb128 0xe
 651 01f7 65000000 		.4byte	.LASF27
 652 01fb 01       		.byte	0x1
 653 01fc 0201     		.2byte	0x102
 654 01fe 8F000000 		.4byte	0x8f
 655 0202 57000000 		.4byte	.LLST4
 656 0206 07       		.uleb128 0x7
 657 0207 0A000000 		.4byte	.LVL17
 658 020b 5A030000 		.4byte	0x35a
 659 020f 19020000 		.4byte	0x219
 660 0213 08       		.uleb128 0x8
 661 0214 01       		.uleb128 0x1
 662 0215 50       		.byte	0x50
 663 0216 01       		.uleb128 0x1
 664 0217 30       		.byte	0x30
 665 0218 00       		.byte	0
 666 0219 07       		.uleb128 0x7
 667 021a 12000000 		.4byte	.LVL18
 668 021e B2030000 		.4byte	0x3b2
 669 0222 2E020000 		.4byte	0x22e
 670 0226 08       		.uleb128 0x8
 671 0227 01       		.uleb128 0x1
 672 0228 50       		.byte	0x50
 673 0229 03       		.uleb128 0x3
 674 022a 0B       		.byte	0xb
 675 022b 0080     		.2byte	0x8000
 676 022d 00       		.byte	0
 677 022e 09       		.uleb128 0x9
 678 022f 1C000000 		.4byte	.LVL19
 679 0233 A7030000 		.4byte	0x3a7
 680 0237 08       		.uleb128 0x8
 681 0238 01       		.uleb128 0x1
 682 0239 50       		.byte	0x50
 683 023a 01       		.uleb128 0x1
 684 023b 30       		.byte	0x30
 685 023c 00       		.byte	0
 686 023d 00       		.byte	0
 687 023e 0F       		.uleb128 0xf
 688 023f 97010000 		.4byte	.LASF31
 689 0243 01       		.byte	0x1
 690 0244 3601     		.2byte	0x136
 691 0246 6B000000 		.4byte	0x6b
 692 024a 00000000 		.4byte	.LFB7
 693 024e 10000000 		.4byte	.LFE7-.LFB7
 694 0252 01       		.uleb128 0x1
 695 0253 9C       		.byte	0x9c
 696 0254 0D       		.uleb128 0xd
 697 0255 E3020000 		.4byte	.LASF26
 698 0259 01       		.byte	0x1
 699 025a 4C01     		.2byte	0x14c
 700 025c 00000000 		.4byte	.LFB8
 701 0260 10000000 		.4byte	.LFE8-.LFB8
 702 0264 01       		.uleb128 0x1
 703 0265 9C       		.byte	0x9c
ARM GAS  C:\Users\kratz\AppData\Local\Temp\cc3ETqSd.s 			page 20


 704 0266 7B020000 		.4byte	0x27b
 705 026a 0E       		.uleb128 0xe
 706 026b FC020000 		.4byte	.LASF28
 707 026f 01       		.byte	0x1
 708 0270 4C01     		.2byte	0x14c
 709 0272 6B000000 		.4byte	0x6b
 710 0276 83000000 		.4byte	.LLST5
 711 027a 00       		.byte	0
 712 027b 06       		.uleb128 0x6
 713 027c EF000000 		.4byte	.LASF29
 714 0280 01       		.byte	0x1
 715 0281 46       		.byte	0x46
 716 0282 00000000 		.4byte	.LFB2
 717 0286 2C000000 		.4byte	.LFE2-.LFB2
 718 028a 01       		.uleb128 0x1
 719 028b 9C       		.byte	0x9c
 720 028c DD020000 		.4byte	0x2dd
 721 0290 0A       		.uleb128 0xa
 722 0291 A9010000 		.4byte	.LASF21
 723 0295 01       		.byte	0x1
 724 0296 48       		.byte	0x48
 725 0297 6B000000 		.4byte	0x6b
 726 029b AF000000 		.4byte	.LLST6
 727 029f 07       		.uleb128 0x7
 728 02a0 08000000 		.4byte	.LVL24
 729 02a4 54020000 		.4byte	0x254
 730 02a8 B2020000 		.4byte	0x2b2
 731 02ac 08       		.uleb128 0x8
 732 02ad 01       		.uleb128 0x1
 733 02ae 50       		.byte	0x50
 734 02af 01       		.uleb128 0x1
 735 02b0 3F       		.byte	0x3f
 736 02b1 00       		.byte	0
 737 02b2 0B       		.uleb128 0xb
 738 02b3 0C000000 		.4byte	.LVL25
 739 02b7 3E020000 		.4byte	0x23e
 740 02bb 0B       		.uleb128 0xb
 741 02bc 10000000 		.4byte	.LVL26
 742 02c0 86030000 		.4byte	0x386
 743 02c4 0B       		.uleb128 0xb
 744 02c5 20000000 		.4byte	.LVL27
 745 02c9 91030000 		.4byte	0x391
 746 02cd 09       		.uleb128 0x9
 747 02ce 26000000 		.4byte	.LVL28
 748 02d2 A7030000 		.4byte	0x3a7
 749 02d6 08       		.uleb128 0x8
 750 02d7 01       		.uleb128 0x1
 751 02d8 50       		.byte	0x50
 752 02d9 01       		.uleb128 0x1
 753 02da 30       		.byte	0x30
 754 02db 00       		.byte	0
 755 02dc 00       		.byte	0
 756 02dd 06       		.uleb128 0x6
 757 02de AC000000 		.4byte	.LASF30
 758 02e2 01       		.byte	0x1
 759 02e3 74       		.byte	0x74
 760 02e4 00000000 		.4byte	.LFB3
ARM GAS  C:\Users\kratz\AppData\Local\Temp\cc3ETqSd.s 			page 21


 761 02e8 34000000 		.4byte	.LFE3-.LFB3
 762 02ec 01       		.uleb128 0x1
 763 02ed 9C       		.byte	0x9c
 764 02ee 23030000 		.4byte	0x323
 765 02f2 0B       		.uleb128 0xb
 766 02f3 06000000 		.4byte	.LVL29
 767 02f7 BD030000 		.4byte	0x3bd
 768 02fb 07       		.uleb128 0x7
 769 02fc 0E000000 		.4byte	.LVL30
 770 0300 B2030000 		.4byte	0x3b2
 771 0304 10030000 		.4byte	0x310
 772 0308 08       		.uleb128 0x8
 773 0309 01       		.uleb128 0x1
 774 030a 50       		.byte	0x50
 775 030b 03       		.uleb128 0x3
 776 030c 0B       		.byte	0xb
 777 030d 0080     		.2byte	0x8000
 778 030f 00       		.byte	0
 779 0310 0B       		.uleb128 0xb
 780 0311 20000000 		.4byte	.LVL31
 781 0315 CF000000 		.4byte	0xcf
 782 0319 0B       		.uleb128 0xb
 783 031a 2A000000 		.4byte	.LVL32
 784 031e 7B020000 		.4byte	0x27b
 785 0322 00       		.byte	0
 786 0323 0F       		.uleb128 0xf
 787 0324 71030000 		.4byte	.LASF32
 788 0328 01       		.byte	0x1
 789 0329 6801     		.2byte	0x168
 790 032b 6B000000 		.4byte	0x6b
 791 032f 00000000 		.4byte	.LFB9
 792 0333 10000000 		.4byte	.LFE9-.LFB9
 793 0337 01       		.uleb128 0x1
 794 0338 9C       		.byte	0x9c
 795 0339 10       		.uleb128 0x10
 796 033a 9C000000 		.4byte	.LASF33
 797 033e 01       		.byte	0x1
 798 033f 19       		.byte	0x19
 799 0340 6B000000 		.4byte	0x6b
 800 0344 05       		.uleb128 0x5
 801 0345 03       		.byte	0x3
 802 0346 00000000 		.4byte	QuadDec_initVar
 803 034a 11       		.uleb128 0x11
 804 034b 84000000 		.4byte	.LASF34
 805 034f 03       		.byte	0x3
 806 0350 18       		.byte	0x18
 807 0351 55030000 		.4byte	0x355
 808 0355 05       		.uleb128 0x5
 809 0356 8F000000 		.4byte	0x8f
 810 035a 12       		.uleb128 0x12
 811 035b 0E030000 		.4byte	.LASF35
 812 035f 0E030000 		.4byte	.LASF35
 813 0363 04       		.byte	0x4
 814 0364 D8       		.byte	0xd8
 815 0365 12       		.uleb128 0x12
 816 0366 56000000 		.4byte	.LASF36
 817 036a 56000000 		.4byte	.LASF36
ARM GAS  C:\Users\kratz\AppData\Local\Temp\cc3ETqSd.s 			page 22


 818 036e 04       		.byte	0x4
 819 036f D0       		.byte	0xd0
 820 0370 12       		.uleb128 0x12
 821 0371 28020000 		.4byte	.LASF37
 822 0375 28020000 		.4byte	.LASF37
 823 0379 04       		.byte	0x4
 824 037a D3       		.byte	0xd3
 825 037b 12       		.uleb128 0x12
 826 037c 1B010000 		.4byte	.LASF38
 827 0380 1B010000 		.4byte	.LASF38
 828 0384 05       		.byte	0x5
 829 0385 50       		.byte	0x50
 830 0386 12       		.uleb128 0x12
 831 0387 EE010000 		.4byte	.LASF39
 832 038b EE010000 		.4byte	.LASF39
 833 038f 04       		.byte	0x4
 834 0390 F8       		.byte	0xf8
 835 0391 12       		.uleb128 0x12
 836 0392 12020000 		.4byte	.LASF40
 837 0396 12020000 		.4byte	.LASF40
 838 039a 04       		.byte	0x4
 839 039b F9       		.byte	0xf9
 840 039c 12       		.uleb128 0x12
 841 039d 5F010000 		.4byte	.LASF41
 842 03a1 5F010000 		.4byte	.LASF41
 843 03a5 05       		.byte	0x5
 844 03a6 5D       		.byte	0x5d
 845 03a7 12       		.uleb128 0x12
 846 03a8 DB010000 		.4byte	.LASF42
 847 03ac DB010000 		.4byte	.LASF42
 848 03b0 04       		.byte	0x4
 849 03b1 D6       		.byte	0xd6
 850 03b2 12       		.uleb128 0x12
 851 03b3 3C010000 		.4byte	.LASF43
 852 03b7 3C010000 		.4byte	.LASF43
 853 03bb 05       		.byte	0x5
 854 03bc 5A       		.byte	0x5a
 855 03bd 12       		.uleb128 0x12
 856 03be BA000000 		.4byte	.LASF44
 857 03c2 BA000000 		.4byte	.LASF44
 858 03c6 05       		.byte	0x5
 859 03c7 4F       		.byte	0x4f
 860 03c8 00       		.byte	0
 861              		.section	.debug_abbrev,"",%progbits
 862              	.Ldebug_abbrev0:
 863 0000 01       		.uleb128 0x1
 864 0001 11       		.uleb128 0x11
 865 0002 01       		.byte	0x1
 866 0003 25       		.uleb128 0x25
 867 0004 0E       		.uleb128 0xe
 868 0005 13       		.uleb128 0x13
 869 0006 0B       		.uleb128 0xb
 870 0007 03       		.uleb128 0x3
 871 0008 0E       		.uleb128 0xe
 872 0009 1B       		.uleb128 0x1b
 873 000a 0E       		.uleb128 0xe
 874 000b 55       		.uleb128 0x55
ARM GAS  C:\Users\kratz\AppData\Local\Temp\cc3ETqSd.s 			page 23


 875 000c 17       		.uleb128 0x17
 876 000d 11       		.uleb128 0x11
 877 000e 01       		.uleb128 0x1
 878 000f 10       		.uleb128 0x10
 879 0010 17       		.uleb128 0x17
 880 0011 00       		.byte	0
 881 0012 00       		.byte	0
 882 0013 02       		.uleb128 0x2
 883 0014 24       		.uleb128 0x24
 884 0015 00       		.byte	0
 885 0016 0B       		.uleb128 0xb
 886 0017 0B       		.uleb128 0xb
 887 0018 3E       		.uleb128 0x3e
 888 0019 0B       		.uleb128 0xb
 889 001a 03       		.uleb128 0x3
 890 001b 0E       		.uleb128 0xe
 891 001c 00       		.byte	0
 892 001d 00       		.byte	0
 893 001e 03       		.uleb128 0x3
 894 001f 24       		.uleb128 0x24
 895 0020 00       		.byte	0
 896 0021 0B       		.uleb128 0xb
 897 0022 0B       		.uleb128 0xb
 898 0023 3E       		.uleb128 0x3e
 899 0024 0B       		.uleb128 0xb
 900 0025 03       		.uleb128 0x3
 901 0026 08       		.uleb128 0x8
 902 0027 00       		.byte	0
 903 0028 00       		.byte	0
 904 0029 04       		.uleb128 0x4
 905 002a 16       		.uleb128 0x16
 906 002b 00       		.byte	0
 907 002c 03       		.uleb128 0x3
 908 002d 0E       		.uleb128 0xe
 909 002e 3A       		.uleb128 0x3a
 910 002f 0B       		.uleb128 0xb
 911 0030 3B       		.uleb128 0x3b
 912 0031 05       		.uleb128 0x5
 913 0032 49       		.uleb128 0x49
 914 0033 13       		.uleb128 0x13
 915 0034 00       		.byte	0
 916 0035 00       		.byte	0
 917 0036 05       		.uleb128 0x5
 918 0037 35       		.uleb128 0x35
 919 0038 00       		.byte	0
 920 0039 49       		.uleb128 0x49
 921 003a 13       		.uleb128 0x13
 922 003b 00       		.byte	0
 923 003c 00       		.byte	0
 924 003d 06       		.uleb128 0x6
 925 003e 2E       		.uleb128 0x2e
 926 003f 01       		.byte	0x1
 927 0040 3F       		.uleb128 0x3f
 928 0041 19       		.uleb128 0x19
 929 0042 03       		.uleb128 0x3
 930 0043 0E       		.uleb128 0xe
 931 0044 3A       		.uleb128 0x3a
ARM GAS  C:\Users\kratz\AppData\Local\Temp\cc3ETqSd.s 			page 24


 932 0045 0B       		.uleb128 0xb
 933 0046 3B       		.uleb128 0x3b
 934 0047 0B       		.uleb128 0xb
 935 0048 27       		.uleb128 0x27
 936 0049 19       		.uleb128 0x19
 937 004a 11       		.uleb128 0x11
 938 004b 01       		.uleb128 0x1
 939 004c 12       		.uleb128 0x12
 940 004d 06       		.uleb128 0x6
 941 004e 40       		.uleb128 0x40
 942 004f 18       		.uleb128 0x18
 943 0050 9742     		.uleb128 0x2117
 944 0052 19       		.uleb128 0x19
 945 0053 01       		.uleb128 0x1
 946 0054 13       		.uleb128 0x13
 947 0055 00       		.byte	0
 948 0056 00       		.byte	0
 949 0057 07       		.uleb128 0x7
 950 0058 898201   		.uleb128 0x4109
 951 005b 01       		.byte	0x1
 952 005c 11       		.uleb128 0x11
 953 005d 01       		.uleb128 0x1
 954 005e 31       		.uleb128 0x31
 955 005f 13       		.uleb128 0x13
 956 0060 01       		.uleb128 0x1
 957 0061 13       		.uleb128 0x13
 958 0062 00       		.byte	0
 959 0063 00       		.byte	0
 960 0064 08       		.uleb128 0x8
 961 0065 8A8201   		.uleb128 0x410a
 962 0068 00       		.byte	0
 963 0069 02       		.uleb128 0x2
 964 006a 18       		.uleb128 0x18
 965 006b 9142     		.uleb128 0x2111
 966 006d 18       		.uleb128 0x18
 967 006e 00       		.byte	0
 968 006f 00       		.byte	0
 969 0070 09       		.uleb128 0x9
 970 0071 898201   		.uleb128 0x4109
 971 0074 01       		.byte	0x1
 972 0075 11       		.uleb128 0x11
 973 0076 01       		.uleb128 0x1
 974 0077 31       		.uleb128 0x31
 975 0078 13       		.uleb128 0x13
 976 0079 00       		.byte	0
 977 007a 00       		.byte	0
 978 007b 0A       		.uleb128 0xa
 979 007c 34       		.uleb128 0x34
 980 007d 00       		.byte	0
 981 007e 03       		.uleb128 0x3
 982 007f 0E       		.uleb128 0xe
 983 0080 3A       		.uleb128 0x3a
 984 0081 0B       		.uleb128 0xb
 985 0082 3B       		.uleb128 0x3b
 986 0083 0B       		.uleb128 0xb
 987 0084 49       		.uleb128 0x49
 988 0085 13       		.uleb128 0x13
ARM GAS  C:\Users\kratz\AppData\Local\Temp\cc3ETqSd.s 			page 25


 989 0086 02       		.uleb128 0x2
 990 0087 17       		.uleb128 0x17
 991 0088 00       		.byte	0
 992 0089 00       		.byte	0
 993 008a 0B       		.uleb128 0xb
 994 008b 898201   		.uleb128 0x4109
 995 008e 00       		.byte	0
 996 008f 11       		.uleb128 0x11
 997 0090 01       		.uleb128 0x1
 998 0091 31       		.uleb128 0x31
 999 0092 13       		.uleb128 0x13
 1000 0093 00       		.byte	0
 1001 0094 00       		.byte	0
 1002 0095 0C       		.uleb128 0xc
 1003 0096 2E       		.uleb128 0x2e
 1004 0097 01       		.byte	0x1
 1005 0098 3F       		.uleb128 0x3f
 1006 0099 19       		.uleb128 0x19
 1007 009a 03       		.uleb128 0x3
 1008 009b 0E       		.uleb128 0xe
 1009 009c 3A       		.uleb128 0x3a
 1010 009d 0B       		.uleb128 0xb
 1011 009e 3B       		.uleb128 0x3b
 1012 009f 0B       		.uleb128 0xb
 1013 00a0 27       		.uleb128 0x27
 1014 00a1 19       		.uleb128 0x19
 1015 00a2 49       		.uleb128 0x49
 1016 00a3 13       		.uleb128 0x13
 1017 00a4 11       		.uleb128 0x11
 1018 00a5 01       		.uleb128 0x1
 1019 00a6 12       		.uleb128 0x12
 1020 00a7 06       		.uleb128 0x6
 1021 00a8 40       		.uleb128 0x40
 1022 00a9 18       		.uleb128 0x18
 1023 00aa 9742     		.uleb128 0x2117
 1024 00ac 19       		.uleb128 0x19
 1025 00ad 01       		.uleb128 0x1
 1026 00ae 13       		.uleb128 0x13
 1027 00af 00       		.byte	0
 1028 00b0 00       		.byte	0
 1029 00b1 0D       		.uleb128 0xd
 1030 00b2 2E       		.uleb128 0x2e
 1031 00b3 01       		.byte	0x1
 1032 00b4 3F       		.uleb128 0x3f
 1033 00b5 19       		.uleb128 0x19
 1034 00b6 03       		.uleb128 0x3
 1035 00b7 0E       		.uleb128 0xe
 1036 00b8 3A       		.uleb128 0x3a
 1037 00b9 0B       		.uleb128 0xb
 1038 00ba 3B       		.uleb128 0x3b
 1039 00bb 05       		.uleb128 0x5
 1040 00bc 27       		.uleb128 0x27
 1041 00bd 19       		.uleb128 0x19
 1042 00be 11       		.uleb128 0x11
 1043 00bf 01       		.uleb128 0x1
 1044 00c0 12       		.uleb128 0x12
 1045 00c1 06       		.uleb128 0x6
ARM GAS  C:\Users\kratz\AppData\Local\Temp\cc3ETqSd.s 			page 26


 1046 00c2 40       		.uleb128 0x40
 1047 00c3 18       		.uleb128 0x18
 1048 00c4 9742     		.uleb128 0x2117
 1049 00c6 19       		.uleb128 0x19
 1050 00c7 01       		.uleb128 0x1
 1051 00c8 13       		.uleb128 0x13
 1052 00c9 00       		.byte	0
 1053 00ca 00       		.byte	0
 1054 00cb 0E       		.uleb128 0xe
 1055 00cc 05       		.uleb128 0x5
 1056 00cd 00       		.byte	0
 1057 00ce 03       		.uleb128 0x3
 1058 00cf 0E       		.uleb128 0xe
 1059 00d0 3A       		.uleb128 0x3a
 1060 00d1 0B       		.uleb128 0xb
 1061 00d2 3B       		.uleb128 0x3b
 1062 00d3 05       		.uleb128 0x5
 1063 00d4 49       		.uleb128 0x49
 1064 00d5 13       		.uleb128 0x13
 1065 00d6 02       		.uleb128 0x2
 1066 00d7 17       		.uleb128 0x17
 1067 00d8 00       		.byte	0
 1068 00d9 00       		.byte	0
 1069 00da 0F       		.uleb128 0xf
 1070 00db 2E       		.uleb128 0x2e
 1071 00dc 00       		.byte	0
 1072 00dd 3F       		.uleb128 0x3f
 1073 00de 19       		.uleb128 0x19
 1074 00df 03       		.uleb128 0x3
 1075 00e0 0E       		.uleb128 0xe
 1076 00e1 3A       		.uleb128 0x3a
 1077 00e2 0B       		.uleb128 0xb
 1078 00e3 3B       		.uleb128 0x3b
 1079 00e4 05       		.uleb128 0x5
 1080 00e5 27       		.uleb128 0x27
 1081 00e6 19       		.uleb128 0x19
 1082 00e7 49       		.uleb128 0x49
 1083 00e8 13       		.uleb128 0x13
 1084 00e9 11       		.uleb128 0x11
 1085 00ea 01       		.uleb128 0x1
 1086 00eb 12       		.uleb128 0x12
 1087 00ec 06       		.uleb128 0x6
 1088 00ed 40       		.uleb128 0x40
 1089 00ee 18       		.uleb128 0x18
 1090 00ef 9742     		.uleb128 0x2117
 1091 00f1 19       		.uleb128 0x19
 1092 00f2 00       		.byte	0
 1093 00f3 00       		.byte	0
 1094 00f4 10       		.uleb128 0x10
 1095 00f5 34       		.uleb128 0x34
 1096 00f6 00       		.byte	0
 1097 00f7 03       		.uleb128 0x3
 1098 00f8 0E       		.uleb128 0xe
 1099 00f9 3A       		.uleb128 0x3a
 1100 00fa 0B       		.uleb128 0xb
 1101 00fb 3B       		.uleb128 0x3b
 1102 00fc 0B       		.uleb128 0xb
ARM GAS  C:\Users\kratz\AppData\Local\Temp\cc3ETqSd.s 			page 27


 1103 00fd 49       		.uleb128 0x49
 1104 00fe 13       		.uleb128 0x13
 1105 00ff 3F       		.uleb128 0x3f
 1106 0100 19       		.uleb128 0x19
 1107 0101 02       		.uleb128 0x2
 1108 0102 18       		.uleb128 0x18
 1109 0103 00       		.byte	0
 1110 0104 00       		.byte	0
 1111 0105 11       		.uleb128 0x11
 1112 0106 34       		.uleb128 0x34
 1113 0107 00       		.byte	0
 1114 0108 03       		.uleb128 0x3
 1115 0109 0E       		.uleb128 0xe
 1116 010a 3A       		.uleb128 0x3a
 1117 010b 0B       		.uleb128 0xb
 1118 010c 3B       		.uleb128 0x3b
 1119 010d 0B       		.uleb128 0xb
 1120 010e 49       		.uleb128 0x49
 1121 010f 13       		.uleb128 0x13
 1122 0110 3F       		.uleb128 0x3f
 1123 0111 19       		.uleb128 0x19
 1124 0112 3C       		.uleb128 0x3c
 1125 0113 19       		.uleb128 0x19
 1126 0114 00       		.byte	0
 1127 0115 00       		.byte	0
 1128 0116 12       		.uleb128 0x12
 1129 0117 2E       		.uleb128 0x2e
 1130 0118 00       		.byte	0
 1131 0119 3F       		.uleb128 0x3f
 1132 011a 19       		.uleb128 0x19
 1133 011b 3C       		.uleb128 0x3c
 1134 011c 19       		.uleb128 0x19
 1135 011d 6E       		.uleb128 0x6e
 1136 011e 0E       		.uleb128 0xe
 1137 011f 03       		.uleb128 0x3
 1138 0120 0E       		.uleb128 0xe
 1139 0121 3A       		.uleb128 0x3a
 1140 0122 0B       		.uleb128 0xb
 1141 0123 3B       		.uleb128 0x3b
 1142 0124 0B       		.uleb128 0xb
 1143 0125 00       		.byte	0
 1144 0126 00       		.byte	0
 1145 0127 00       		.byte	0
 1146              		.section	.debug_loc,"",%progbits
 1147              	.Ldebug_loc0:
 1148              	.LLST0:
 1149 0000 0A000000 		.4byte	.LVL4
 1150 0004 17000000 		.4byte	.LVL5-1
 1151 0008 0100     		.2byte	0x1
 1152 000a 50       		.byte	0x50
 1153 000b 00000000 		.4byte	0
 1154 000f 00000000 		.4byte	0
 1155              	.LLST1:
 1156 0013 1A000000 		.4byte	.LVL11
 1157 0017 22000000 		.4byte	.LVL14
 1158 001b 0100     		.2byte	0x1
 1159 001d 54       		.byte	0x54
ARM GAS  C:\Users\kratz\AppData\Local\Temp\cc3ETqSd.s 			page 28


 1160 001e 22000000 		.4byte	.LVL14
 1161 0022 2C000000 		.4byte	.LFE5
 1162 0026 0100     		.2byte	0x1
 1163 0028 50       		.byte	0x50
 1164 0029 00000000 		.4byte	0
 1165 002d 00000000 		.4byte	0
 1166              	.LLST2:
 1167 0031 0C000000 		.4byte	.LVL8
 1168 0035 12000000 		.4byte	.LVL9
 1169 0039 0100     		.2byte	0x1
 1170 003b 50       		.byte	0x50
 1171 003c 00000000 		.4byte	0
 1172 0040 00000000 		.4byte	0
 1173              	.LLST3:
 1174 0044 14000000 		.4byte	.LVL10
 1175 0048 1C000000 		.4byte	.LVL12
 1176 004c 0100     		.2byte	0x1
 1177 004e 50       		.byte	0x50
 1178 004f 00000000 		.4byte	0
 1179 0053 00000000 		.4byte	0
 1180              	.LLST4:
 1181 0057 00000000 		.4byte	.LVL15
 1182 005b 06000000 		.4byte	.LVL16
 1183 005f 0100     		.2byte	0x1
 1184 0061 50       		.byte	0x50
 1185 0062 06000000 		.4byte	.LVL16
 1186 0066 1C000000 		.4byte	.LVL20
 1187 006a 0100     		.2byte	0x1
 1188 006c 54       		.byte	0x54
 1189 006d 1C000000 		.4byte	.LVL20
 1190 0071 24000000 		.4byte	.LFE6
 1191 0075 0400     		.2byte	0x4
 1192 0077 F3       		.byte	0xf3
 1193 0078 01       		.uleb128 0x1
 1194 0079 50       		.byte	0x50
 1195 007a 9F       		.byte	0x9f
 1196 007b 00000000 		.4byte	0
 1197 007f 00000000 		.4byte	0
 1198              	.LLST5:
 1199 0083 00000000 		.4byte	.LVL21
 1200 0087 04000000 		.4byte	.LVL22
 1201 008b 0100     		.2byte	0x1
 1202 008d 50       		.byte	0x50
 1203 008e 04000000 		.4byte	.LVL22
 1204 0092 06000000 		.4byte	.LVL23
 1205 0096 0400     		.2byte	0x4
 1206 0098 F3       		.byte	0xf3
 1207 0099 01       		.uleb128 0x1
 1208 009a 50       		.byte	0x50
 1209 009b 9F       		.byte	0x9f
 1210 009c 06000000 		.4byte	.LVL23
 1211 00a0 10000000 		.4byte	.LFE8
 1212 00a4 0100     		.2byte	0x1
 1213 00a6 50       		.byte	0x50
 1214 00a7 00000000 		.4byte	0
 1215 00ab 00000000 		.4byte	0
 1216              	.LLST6:
ARM GAS  C:\Users\kratz\AppData\Local\Temp\cc3ETqSd.s 			page 29


 1217 00af 10000000 		.4byte	.LVL26
 1218 00b3 1F000000 		.4byte	.LVL27-1
 1219 00b7 0100     		.2byte	0x1
 1220 00b9 50       		.byte	0x50
 1221 00ba 00000000 		.4byte	0
 1222 00be 00000000 		.4byte	0
 1223              		.section	.debug_aranges,"",%progbits
 1224 0000 5C000000 		.4byte	0x5c
 1225 0004 0200     		.2byte	0x2
 1226 0006 00000000 		.4byte	.Ldebug_info0
 1227 000a 04       		.byte	0x4
 1228 000b 00       		.byte	0
 1229 000c 0000     		.2byte	0
 1230 000e 0000     		.2byte	0
 1231 0010 00000000 		.4byte	.LFB1
 1232 0014 20000000 		.4byte	.LFE1-.LFB1
 1233 0018 00000000 		.4byte	.LFB4
 1234 001c 24000000 		.4byte	.LFE4-.LFB4
 1235 0020 00000000 		.4byte	.LFB5
 1236 0024 2C000000 		.4byte	.LFE5-.LFB5
 1237 0028 00000000 		.4byte	.LFB6
 1238 002c 24000000 		.4byte	.LFE6-.LFB6
 1239 0030 00000000 		.4byte	.LFB7
 1240 0034 10000000 		.4byte	.LFE7-.LFB7
 1241 0038 00000000 		.4byte	.LFB8
 1242 003c 10000000 		.4byte	.LFE8-.LFB8
 1243 0040 00000000 		.4byte	.LFB2
 1244 0044 2C000000 		.4byte	.LFE2-.LFB2
 1245 0048 00000000 		.4byte	.LFB3
 1246 004c 34000000 		.4byte	.LFE3-.LFB3
 1247 0050 00000000 		.4byte	.LFB9
 1248 0054 10000000 		.4byte	.LFE9-.LFB9
 1249 0058 00000000 		.4byte	0
 1250 005c 00000000 		.4byte	0
 1251              		.section	.debug_ranges,"",%progbits
 1252              	.Ldebug_ranges0:
 1253 0000 00000000 		.4byte	.LFB1
 1254 0004 20000000 		.4byte	.LFE1
 1255 0008 00000000 		.4byte	.LFB4
 1256 000c 24000000 		.4byte	.LFE4
 1257 0010 00000000 		.4byte	.LFB5
 1258 0014 2C000000 		.4byte	.LFE5
 1259 0018 00000000 		.4byte	.LFB6
 1260 001c 24000000 		.4byte	.LFE6
 1261 0020 00000000 		.4byte	.LFB7
 1262 0024 10000000 		.4byte	.LFE7
 1263 0028 00000000 		.4byte	.LFB8
 1264 002c 10000000 		.4byte	.LFE8
 1265 0030 00000000 		.4byte	.LFB2
 1266 0034 2C000000 		.4byte	.LFE2
 1267 0038 00000000 		.4byte	.LFB3
 1268 003c 34000000 		.4byte	.LFE3
 1269 0040 00000000 		.4byte	.LFB9
 1270 0044 10000000 		.4byte	.LFE9
 1271 0048 00000000 		.4byte	0
 1272 004c 00000000 		.4byte	0
 1273              		.section	.debug_line,"",%progbits
ARM GAS  C:\Users\kratz\AppData\Local\Temp\cc3ETqSd.s 			page 30


 1274              	.Ldebug_line0:
 1275 0000 39010000 		.section	.debug_str,"MS",%progbits,1
 1275      02007300 
 1275      00000201 
 1275      FB0E0D00 
 1275      01010101 
 1276              	.LASF47:
 1277 0000 433A5C55 		.ascii	"C:\\Users\\kratz\\OneDrive\\Documents\\PSoC Creator"
 1277      73657273 
 1277      5C6B7261 
 1277      747A5C4F 
 1277      6E654472 
 1278 002e 5C48616E 		.ascii	"\\Hand_Board_PY2023\\HandBoard_Rev1.cydsn\000"
 1278      645F426F 
 1278      6172645F 
 1278      50593230 
 1278      32335C48 
 1279              	.LASF36:
 1280 0056 4379496E 		.ascii	"CyIntSetVector\000"
 1280      74536574 
 1280      56656374 
 1280      6F7200
 1281              	.LASF27:
 1282 0065 76616C75 		.ascii	"value\000"
 1282      6500
 1283              	.LASF22:
 1284 006b 636F756E 		.ascii	"count\000"
 1284      7400
 1285              	.LASF3:
 1286 0071 73686F72 		.ascii	"short unsigned int\000"
 1286      7420756E 
 1286      7369676E 
 1286      65642069 
 1286      6E7400
 1287              	.LASF34:
 1288 0084 51756164 		.ascii	"QuadDec_count32SoftPart\000"
 1288      4465635F 
 1288      636F756E 
 1288      74333253 
 1288      6F667450 
 1289              	.LASF33:
 1290 009c 51756164 		.ascii	"QuadDec_initVar\000"
 1290      4465635F 
 1290      696E6974 
 1290      56617200 
 1291              	.LASF30:
 1292 00ac 51756164 		.ascii	"QuadDec_Start\000"
 1292      4465635F 
 1292      53746172 
 1292      7400
 1293              	.LASF44:
 1294 00ba 51756164 		.ascii	"QuadDec_Cnt16_Start\000"
 1294      4465635F 
 1294      436E7431 
 1294      365F5374 
 1294      61727400 
 1295              	.LASF46:
ARM GAS  C:\Users\kratz\AppData\Local\Temp\cc3ETqSd.s 			page 31


 1296 00ce 47656E65 		.ascii	"Generated_Source\\PSoC4\\QuadDec.c\000"
 1296      72617465 
 1296      645F536F 
 1296      75726365 
 1296      5C50536F 
 1297              	.LASF29:
 1298 00ef 51756164 		.ascii	"QuadDec_Enable\000"
 1298      4465635F 
 1298      456E6162 
 1298      6C6500
 1299              	.LASF13:
 1300 00fe 666C6F61 		.ascii	"float\000"
 1300      7400
 1301              	.LASF7:
 1302 0104 6C6F6E67 		.ascii	"long long unsigned int\000"
 1302      206C6F6E 
 1302      6720756E 
 1302      7369676E 
 1302      65642069 
 1303              	.LASF38:
 1304 011b 51756164 		.ascii	"QuadDec_Cnt16_Stop\000"
 1304      4465635F 
 1304      436E7431 
 1304      365F5374 
 1304      6F7000
 1305              	.LASF1:
 1306 012e 756E7369 		.ascii	"unsigned char\000"
 1306      676E6564 
 1306      20636861 
 1306      7200
 1307              	.LASF43:
 1308 013c 51756164 		.ascii	"QuadDec_Cnt16_WriteCounter\000"
 1308      4465635F 
 1308      436E7431 
 1308      365F5772 
 1308      69746543 
 1309              	.LASF24:
 1310 0157 6877436F 		.ascii	"hwCount\000"
 1310      756E7400 
 1311              	.LASF41:
 1312 015f 51756164 		.ascii	"QuadDec_Cnt16_ReadCounter\000"
 1312      4465635F 
 1312      436E7431 
 1312      365F5265 
 1312      6164436F 
 1313              	.LASF11:
 1314 0179 696E7431 		.ascii	"int16\000"
 1314      3600
 1315              	.LASF5:
 1316 017f 6C6F6E67 		.ascii	"long unsigned int\000"
 1316      20756E73 
 1316      69676E65 
 1316      6420696E 
 1316      7400
 1317              	.LASF12:
 1318 0191 696E7433 		.ascii	"int32\000"
 1318      3200
ARM GAS  C:\Users\kratz\AppData\Local\Temp\cc3ETqSd.s 			page 32


 1319              	.LASF31:
 1320 0197 51756164 		.ascii	"QuadDec_GetEvents\000"
 1320      4465635F 
 1320      47657445 
 1320      76656E74 
 1320      7300
 1321              	.LASF21:
 1322 01a9 656E6162 		.ascii	"enableInterrupts\000"
 1322      6C65496E 
 1322      74657272 
 1322      75707473 
 1322      00
 1323              	.LASF23:
 1324 01ba 746D7043 		.ascii	"tmpCnt\000"
 1324      6E7400
 1325              	.LASF14:
 1326 01c1 646F7562 		.ascii	"double\000"
 1326      6C6500
 1327              	.LASF48:
 1328 01c8 51756164 		.ascii	"QuadDec_GetCounter\000"
 1328      4465635F 
 1328      47657443 
 1328      6F756E74 
 1328      657200
 1329              	.LASF42:
 1330 01db 4379496E 		.ascii	"CyIntEnable\000"
 1330      74456E61 
 1330      626C6500 
 1331              	.LASF10:
 1332 01e7 75696E74 		.ascii	"uint16\000"
 1332      313600
 1333              	.LASF39:
 1334 01ee 4379456E 		.ascii	"CyEnterCriticalSection\000"
 1334      74657243 
 1334      72697469 
 1334      63616C53 
 1334      65637469 
 1335              	.LASF8:
 1336 0205 756E7369 		.ascii	"unsigned int\000"
 1336      676E6564 
 1336      20696E74 
 1336      00
 1337              	.LASF40:
 1338 0212 43794578 		.ascii	"CyExitCriticalSection\000"
 1338      69744372 
 1338      69746963 
 1338      616C5365 
 1338      6374696F 
 1339              	.LASF37:
 1340 0228 4379496E 		.ascii	"CyIntSetPriority\000"
 1340      74536574 
 1340      5072696F 
 1340      72697479 
 1340      00
 1341              	.LASF45:
 1342 0239 474E5520 		.ascii	"GNU C11 5.4.1 20160609 (release) [ARM/embedded-5-br"
 1342      43313120 
ARM GAS  C:\Users\kratz\AppData\Local\Temp\cc3ETqSd.s 			page 33


 1342      352E342E 
 1342      31203230 
 1342      31363036 
 1343 026c 616E6368 		.ascii	"anch revision 237715] -mcpu=cortex-m0 -mthumb -g -O"
 1343      20726576 
 1343      6973696F 
 1343      6E203233 
 1343      37373135 
 1344 029f 67202D66 		.ascii	"g -ffunction-sections -ffat-lto-objects\000"
 1344      66756E63 
 1344      74696F6E 
 1344      2D736563 
 1344      74696F6E 
 1345              	.LASF16:
 1346 02c7 72656738 		.ascii	"reg8\000"
 1346      00
 1347              	.LASF18:
 1348 02cc 73697A65 		.ascii	"sizetype\000"
 1348      74797065 
 1348      00
 1349              	.LASF6:
 1350 02d5 6C6F6E67 		.ascii	"long long int\000"
 1350      206C6F6E 
 1350      6720696E 
 1350      7400
 1351              	.LASF26:
 1352 02e3 51756164 		.ascii	"QuadDec_SetInterruptMask\000"
 1352      4465635F 
 1352      53657449 
 1352      6E746572 
 1352      72757074 
 1353              	.LASF28:
 1354 02fc 6D61736B 		.ascii	"mask\000"
 1354      00
 1355              	.LASF19:
 1356 0301 51756164 		.ascii	"QuadDec_Init\000"
 1356      4465635F 
 1356      496E6974 
 1356      00
 1357              	.LASF35:
 1358 030e 4379496E 		.ascii	"CyIntDisable\000"
 1358      74446973 
 1358      61626C65 
 1358      00
 1359              	.LASF2:
 1360 031b 73686F72 		.ascii	"short int\000"
 1360      7420696E 
 1360      7400
 1361              	.LASF9:
 1362 0325 75696E74 		.ascii	"uint8\000"
 1362      3800
 1363              	.LASF25:
 1364 032b 51756164 		.ascii	"QuadDec_SetCounter\000"
 1364      4465635F 
 1364      53657443 
 1364      6F756E74 
 1364      657200
ARM GAS  C:\Users\kratz\AppData\Local\Temp\cc3ETqSd.s 			page 34


 1365              	.LASF4:
 1366 033e 6C6F6E67 		.ascii	"long int\000"
 1366      20696E74 
 1366      00
 1367              	.LASF15:
 1368 0347 63686172 		.ascii	"char\000"
 1368      00
 1369              	.LASF17:
 1370 034c 6C6F6E67 		.ascii	"long double\000"
 1370      20646F75 
 1370      626C6500 
 1371              	.LASF0:
 1372 0358 7369676E 		.ascii	"signed char\000"
 1372      65642063 
 1372      68617200 
 1373              	.LASF20:
 1374 0364 51756164 		.ascii	"QuadDec_Stop\000"
 1374      4465635F 
 1374      53746F70 
 1374      00
 1375              	.LASF32:
 1376 0371 51756164 		.ascii	"QuadDec_GetInterruptMask\000"
 1376      4465635F 
 1376      47657449 
 1376      6E746572 
 1376      72757074 
 1377              		.ident	"GCC: (GNU Tools for ARM Embedded Processors) 5.4.1 20160609 (release) [ARM/embedded-5-bran
