ARM GAS  C:\Users\kratz\AppData\Local\Temp\ccMlMLGl.s 			page 1


   1              		.syntax unified
   2              		.cpu cortex-m0
   3              		.fpu softvfp
   4              		.eabi_attribute 20, 1
   5              		.eabi_attribute 21, 1
   6              		.eabi_attribute 23, 3
   7              		.eabi_attribute 24, 1
   8              		.eabi_attribute 25, 1
   9              		.eabi_attribute 26, 1
  10              		.eabi_attribute 30, 1
  11              		.eabi_attribute 34, 0
  12              		.eabi_attribute 18, 4
  13              		.thumb
  14              		.syntax unified
  15              		.file	"QuadDec_INT.c"
  16              		.text
  17              	.Ltext0:
  18              		.cfi_sections	.debug_frame
  19              		.section	.text.QuadDec_ISR,"ax",%progbits
  20              		.align	2
  21              		.global	QuadDec_ISR
  22              		.code	16
  23              		.thumb_func
  24              		.type	QuadDec_ISR, %function
  25              	QuadDec_ISR:
  26              	.LFB1:
  27              		.file 1 "Generated_Source\\PSoC4\\QuadDec_INT.c"
   1:Generated_Source\PSoC4/QuadDec_INT.c **** /*******************************************************************************
   2:Generated_Source\PSoC4/QuadDec_INT.c **** * File Name: QuadDec_INT.c
   3:Generated_Source\PSoC4/QuadDec_INT.c **** * Version 3.0
   4:Generated_Source\PSoC4/QuadDec_INT.c **** *
   5:Generated_Source\PSoC4/QuadDec_INT.c **** * Description:
   6:Generated_Source\PSoC4/QuadDec_INT.c **** *  This file contains the Interrupt Service Routine (ISR) for the Quadrature
   7:Generated_Source\PSoC4/QuadDec_INT.c **** *  Decoder component.
   8:Generated_Source\PSoC4/QuadDec_INT.c **** *
   9:Generated_Source\PSoC4/QuadDec_INT.c **** * Note:
  10:Generated_Source\PSoC4/QuadDec_INT.c **** *  None.
  11:Generated_Source\PSoC4/QuadDec_INT.c **** *
  12:Generated_Source\PSoC4/QuadDec_INT.c **** ********************************************************************************
  13:Generated_Source\PSoC4/QuadDec_INT.c **** * Copyright 2008-2014, Cypress Semiconductor Corporation.  All rights reserved.
  14:Generated_Source\PSoC4/QuadDec_INT.c **** * You may use this file only in accordance with the license, terms, conditions, 
  15:Generated_Source\PSoC4/QuadDec_INT.c **** * disclaimers, and limitations in the end user license agreement accompanying
  16:Generated_Source\PSoC4/QuadDec_INT.c **** * the software package with which this file was provided.
  17:Generated_Source\PSoC4/QuadDec_INT.c **** *******************************************************************************/
  18:Generated_Source\PSoC4/QuadDec_INT.c **** 
  19:Generated_Source\PSoC4/QuadDec_INT.c **** #include "QuadDec.h"
  20:Generated_Source\PSoC4/QuadDec_INT.c **** #include "QuadDec_PVT.h"
  21:Generated_Source\PSoC4/QuadDec_INT.c **** #include "cyapicallbacks.h"
  22:Generated_Source\PSoC4/QuadDec_INT.c **** 
  23:Generated_Source\PSoC4/QuadDec_INT.c **** volatile int32 QuadDec_count32SoftPart = 0;
  24:Generated_Source\PSoC4/QuadDec_INT.c **** 
  25:Generated_Source\PSoC4/QuadDec_INT.c **** 
  26:Generated_Source\PSoC4/QuadDec_INT.c **** /*******************************************************************************
  27:Generated_Source\PSoC4/QuadDec_INT.c **** * FUNCTION NAME: void QuadDec_ISR
  28:Generated_Source\PSoC4/QuadDec_INT.c **** ********************************************************************************
  29:Generated_Source\PSoC4/QuadDec_INT.c **** *
  30:Generated_Source\PSoC4/QuadDec_INT.c **** * Summary:
ARM GAS  C:\Users\kratz\AppData\Local\Temp\ccMlMLGl.s 			page 2


  31:Generated_Source\PSoC4/QuadDec_INT.c **** *  Interrupt Service Routine for Quadrature Decoder Component.
  32:Generated_Source\PSoC4/QuadDec_INT.c **** *
  33:Generated_Source\PSoC4/QuadDec_INT.c **** * Parameters:
  34:Generated_Source\PSoC4/QuadDec_INT.c **** *  None.
  35:Generated_Source\PSoC4/QuadDec_INT.c **** *
  36:Generated_Source\PSoC4/QuadDec_INT.c **** * Return:
  37:Generated_Source\PSoC4/QuadDec_INT.c **** *  None.
  38:Generated_Source\PSoC4/QuadDec_INT.c **** *
  39:Generated_Source\PSoC4/QuadDec_INT.c **** * Global variables:
  40:Generated_Source\PSoC4/QuadDec_INT.c **** *  QuadDec_count32SoftPart - modified to update hi 16 bit for current
  41:Generated_Source\PSoC4/QuadDec_INT.c **** *  value of the 32-bit counter, when Counter size equal 32-bit.
  42:Generated_Source\PSoC4/QuadDec_INT.c **** *  QuadDec_swStatus - modified with the updated values of STATUS
  43:Generated_Source\PSoC4/QuadDec_INT.c **** *  register.
  44:Generated_Source\PSoC4/QuadDec_INT.c **** *
  45:Generated_Source\PSoC4/QuadDec_INT.c **** *******************************************************************************/
  46:Generated_Source\PSoC4/QuadDec_INT.c **** CY_ISR( QuadDec_ISR )
  47:Generated_Source\PSoC4/QuadDec_INT.c **** {
  28              		.loc 1 47 0
  29              		.cfi_startproc
  30              		@ args = 0, pretend = 0, frame = 0
  31              		@ frame_needed = 0, uses_anonymous_args = 0
  32              		@ link register save eliminated.
  48:Generated_Source\PSoC4/QuadDec_INT.c ****    uint8 QuadDec_swStatus;
  49:Generated_Source\PSoC4/QuadDec_INT.c **** 
  50:Generated_Source\PSoC4/QuadDec_INT.c ****    QuadDec_swStatus = QuadDec_STATUS_REG;
  33              		.loc 1 50 0
  34 0000 0C4B     		ldr	r3, .L5
  35 0002 1B78     		ldrb	r3, [r3]
  36 0004 DBB2     		uxtb	r3, r3
  37              	.LVL0:
  51:Generated_Source\PSoC4/QuadDec_INT.c **** 
  52:Generated_Source\PSoC4/QuadDec_INT.c ****     #ifdef QuadDec_ISR_ENTRY_CALLBACK
  53:Generated_Source\PSoC4/QuadDec_INT.c ****         QuadDec_ISR_EntryCallback();
  54:Generated_Source\PSoC4/QuadDec_INT.c ****     #endif /* QuadDec_ISR_ENTRY_CALLBACK */
  55:Generated_Source\PSoC4/QuadDec_INT.c **** 
  56:Generated_Source\PSoC4/QuadDec_INT.c ****     /* User code required at start of ISR */
  57:Generated_Source\PSoC4/QuadDec_INT.c ****     /* `#START QuadDec_ISR_START` */
  58:Generated_Source\PSoC4/QuadDec_INT.c **** 
  59:Generated_Source\PSoC4/QuadDec_INT.c ****     /* `#END` */
  60:Generated_Source\PSoC4/QuadDec_INT.c **** 
  61:Generated_Source\PSoC4/QuadDec_INT.c ****     if (0u != (QuadDec_swStatus & QuadDec_COUNTER_OVERFLOW))
  38              		.loc 1 61 0
  39 0006 DA07     		lsls	r2, r3, #31
  40 0008 06D5     		bpl	.L2
  62:Generated_Source\PSoC4/QuadDec_INT.c ****     {
  63:Generated_Source\PSoC4/QuadDec_INT.c ****         QuadDec_count32SoftPart += (int32) QuadDec_COUNTER_MAX_VALUE;
  41              		.loc 1 63 0
  42 000a 0B49     		ldr	r1, .L5+4
  43 000c 0A68     		ldr	r2, [r1]
  44 000e 0B48     		ldr	r0, .L5+8
  45 0010 8446     		mov	ip, r0
  46 0012 6244     		add	r2, r2, ip
  47 0014 0A60     		str	r2, [r1]
  48 0016 07E0     		b	.L3
  49              	.L2:
  64:Generated_Source\PSoC4/QuadDec_INT.c ****     }
  65:Generated_Source\PSoC4/QuadDec_INT.c ****     else if (0u != (QuadDec_swStatus & QuadDec_COUNTER_UNDERFLOW))
ARM GAS  C:\Users\kratz\AppData\Local\Temp\ccMlMLGl.s 			page 3


  50              		.loc 1 65 0
  51 0018 9A07     		lsls	r2, r3, #30
  52 001a 05D5     		bpl	.L3
  66:Generated_Source\PSoC4/QuadDec_INT.c ****     {
  67:Generated_Source\PSoC4/QuadDec_INT.c ****         QuadDec_count32SoftPart -= (int32) QuadDec_COUNTER_INIT_VALUE;
  53              		.loc 1 67 0
  54 001c 0649     		ldr	r1, .L5+4
  55 001e 0A68     		ldr	r2, [r1]
  56 0020 0748     		ldr	r0, .L5+12
  57 0022 8446     		mov	ip, r0
  58 0024 6244     		add	r2, r2, ip
  59 0026 0A60     		str	r2, [r1]
  60              	.L3:
  68:Generated_Source\PSoC4/QuadDec_INT.c ****     }
  69:Generated_Source\PSoC4/QuadDec_INT.c ****     else
  70:Generated_Source\PSoC4/QuadDec_INT.c ****     {
  71:Generated_Source\PSoC4/QuadDec_INT.c ****         /* Nothing to do here */
  72:Generated_Source\PSoC4/QuadDec_INT.c ****     }
  73:Generated_Source\PSoC4/QuadDec_INT.c ****     
  74:Generated_Source\PSoC4/QuadDec_INT.c ****     if (0u != (QuadDec_swStatus & QuadDec_COUNTER_RESET))
  61              		.loc 1 74 0
  62 0028 5B07     		lsls	r3, r3, #29
  63 002a 02D5     		bpl	.L1
  64              	.LVL1:
  75:Generated_Source\PSoC4/QuadDec_INT.c ****     {
  76:Generated_Source\PSoC4/QuadDec_INT.c ****         QuadDec_count32SoftPart = 0;
  65              		.loc 1 76 0
  66 002c 0022     		movs	r2, #0
  67 002e 024B     		ldr	r3, .L5+4
  68 0030 1A60     		str	r2, [r3]
  69              	.L1:
  77:Generated_Source\PSoC4/QuadDec_INT.c ****     }
  78:Generated_Source\PSoC4/QuadDec_INT.c ****     
  79:Generated_Source\PSoC4/QuadDec_INT.c ****     /* User code required at end of ISR */
  80:Generated_Source\PSoC4/QuadDec_INT.c ****     /* `#START QuadDec_ISR_END` */
  81:Generated_Source\PSoC4/QuadDec_INT.c **** 
  82:Generated_Source\PSoC4/QuadDec_INT.c ****     /* `#END` */
  83:Generated_Source\PSoC4/QuadDec_INT.c **** 
  84:Generated_Source\PSoC4/QuadDec_INT.c ****     #ifdef QuadDec_ISR_EXIT_CALLBACK
  85:Generated_Source\PSoC4/QuadDec_INT.c ****         QuadDec_ISR_ExitCallback();
  86:Generated_Source\PSoC4/QuadDec_INT.c ****     #endif /* QuadDec_ISR_EXIT_CALLBACK */
  87:Generated_Source\PSoC4/QuadDec_INT.c **** }
  70              		.loc 1 87 0
  71              		@ sp needed
  72 0032 7047     		bx	lr
  73              	.L6:
  74              		.align	2
  75              	.L5:
  76 0034 60000F40 		.word	1074724960
  77 0038 00000000 		.word	.LANCHOR0
  78 003c FF7F0000 		.word	32767
  79 0040 0080FFFF 		.word	-32768
  80              		.cfi_endproc
  81              	.LFE1:
  82              		.size	QuadDec_ISR, .-QuadDec_ISR
  83              		.global	QuadDec_count32SoftPart
  84              		.bss
ARM GAS  C:\Users\kratz\AppData\Local\Temp\ccMlMLGl.s 			page 4


  85              		.align	2
  86              		.set	.LANCHOR0,. + 0
  87              		.type	QuadDec_count32SoftPart, %object
  88              		.size	QuadDec_count32SoftPart, 4
  89              	QuadDec_count32SoftPart:
  90 0000 00000000 		.space	4
  91              		.text
  92              	.Letext0:
  93              		.file 2 "Generated_Source\\PSoC4\\cytypes.h"
  94              		.section	.debug_info,"",%progbits
  95              	.Ldebug_info0:
  96 0000 EF000000 		.4byte	0xef
  97 0004 0400     		.2byte	0x4
  98 0006 00000000 		.4byte	.Ldebug_abbrev0
  99 000a 04       		.byte	0x4
 100 000b 01       		.uleb128 0x1
 101 000c FE000000 		.4byte	.LASF17
 102 0010 0C       		.byte	0xc
 103 0011 AB010000 		.4byte	.LASF18
 104 0015 0E000000 		.4byte	.LASF19
 105 0019 00000000 		.4byte	.Ldebug_ranges0+0
 106 001d 00000000 		.4byte	0
 107 0021 00000000 		.4byte	.Ldebug_line0
 108 0025 02       		.uleb128 0x2
 109 0026 01       		.byte	0x1
 110 0027 06       		.byte	0x6
 111 0028 9F010000 		.4byte	.LASF0
 112 002c 02       		.uleb128 0x2
 113 002d 01       		.byte	0x1
 114 002e 08       		.byte	0x8
 115 002f C3000000 		.4byte	.LASF1
 116 0033 02       		.uleb128 0x2
 117 0034 02       		.byte	0x2
 118 0035 05       		.byte	0x5
 119 0036 DC010000 		.4byte	.LASF2
 120 003a 02       		.uleb128 0x2
 121 003b 02       		.byte	0x2
 122 003c 07       		.byte	0x7
 123 003d 8C010000 		.4byte	.LASF3
 124 0041 02       		.uleb128 0x2
 125 0042 04       		.byte	0x4
 126 0043 05       		.byte	0x5
 127 0044 D6000000 		.4byte	.LASF4
 128 0048 02       		.uleb128 0x2
 129 0049 04       		.byte	0x4
 130 004a 07       		.byte	0x7
 131 004b 83000000 		.4byte	.LASF5
 132 004f 02       		.uleb128 0x2
 133 0050 08       		.byte	0x8
 134 0051 05       		.byte	0x5
 135 0052 00000000 		.4byte	.LASF6
 136 0056 02       		.uleb128 0x2
 137 0057 08       		.byte	0x8
 138 0058 07       		.byte	0x7
 139 0059 95000000 		.4byte	.LASF7
 140 005d 03       		.uleb128 0x3
 141 005e 04       		.byte	0x4
ARM GAS  C:\Users\kratz\AppData\Local\Temp\ccMlMLGl.s 			page 5


 142 005f 05       		.byte	0x5
 143 0060 696E7400 		.ascii	"int\000"
 144 0064 02       		.uleb128 0x2
 145 0065 04       		.byte	0x4
 146 0066 07       		.byte	0x7
 147 0067 64000000 		.4byte	.LASF8
 148 006b 04       		.uleb128 0x4
 149 006c 7D000000 		.4byte	.LASF9
 150 0070 02       		.byte	0x2
 151 0071 FB01     		.2byte	0x1fb
 152 0073 2C000000 		.4byte	0x2c
 153 0077 04       		.uleb128 0x4
 154 0078 F4010000 		.4byte	.LASF10
 155 007c 02       		.byte	0x2
 156 007d 0002     		.2byte	0x200
 157 007f 41000000 		.4byte	0x41
 158 0083 02       		.uleb128 0x2
 159 0084 04       		.byte	0x4
 160 0085 04       		.byte	0x4
 161 0086 AC000000 		.4byte	.LASF11
 162 008a 02       		.uleb128 0x2
 163 008b 08       		.byte	0x8
 164 008c 04       		.byte	0x4
 165 008d F7000000 		.4byte	.LASF12
 166 0091 02       		.uleb128 0x2
 167 0092 01       		.byte	0x1
 168 0093 08       		.byte	0x8
 169 0094 D1000000 		.4byte	.LASF13
 170 0098 04       		.uleb128 0x4
 171 0099 E6010000 		.4byte	.LASF14
 172 009d 02       		.byte	0x2
 173 009e A502     		.2byte	0x2a5
 174 00a0 A4000000 		.4byte	0xa4
 175 00a4 05       		.uleb128 0x5
 176 00a5 6B000000 		.4byte	0x6b
 177 00a9 02       		.uleb128 0x2
 178 00aa 08       		.byte	0x8
 179 00ab 04       		.byte	0x4
 180 00ac D0010000 		.4byte	.LASF15
 181 00b0 02       		.uleb128 0x2
 182 00b1 04       		.byte	0x4
 183 00b2 07       		.byte	0x7
 184 00b3 EB010000 		.4byte	.LASF16
 185 00b7 06       		.uleb128 0x6
 186 00b8 71000000 		.4byte	.LASF20
 187 00bc 01       		.byte	0x1
 188 00bd 2E       		.byte	0x2e
 189 00be 00000000 		.4byte	.LFB1
 190 00c2 44000000 		.4byte	.LFE1-.LFB1
 191 00c6 01       		.uleb128 0x1
 192 00c7 9C       		.byte	0x9c
 193 00c8 DC000000 		.4byte	0xdc
 194 00cc 07       		.uleb128 0x7
 195 00cd B2000000 		.4byte	.LASF21
 196 00d1 01       		.byte	0x1
 197 00d2 30       		.byte	0x30
 198 00d3 6B000000 		.4byte	0x6b
ARM GAS  C:\Users\kratz\AppData\Local\Temp\ccMlMLGl.s 			page 6


 199 00d7 00000000 		.4byte	.LLST0
 200 00db 00       		.byte	0
 201 00dc 08       		.uleb128 0x8
 202 00dd DF000000 		.4byte	.LASF22
 203 00e1 01       		.byte	0x1
 204 00e2 17       		.byte	0x17
 205 00e3 ED000000 		.4byte	0xed
 206 00e7 05       		.uleb128 0x5
 207 00e8 03       		.byte	0x3
 208 00e9 00000000 		.4byte	QuadDec_count32SoftPart
 209 00ed 05       		.uleb128 0x5
 210 00ee 77000000 		.4byte	0x77
 211 00f2 00       		.byte	0
 212              		.section	.debug_abbrev,"",%progbits
 213              	.Ldebug_abbrev0:
 214 0000 01       		.uleb128 0x1
 215 0001 11       		.uleb128 0x11
 216 0002 01       		.byte	0x1
 217 0003 25       		.uleb128 0x25
 218 0004 0E       		.uleb128 0xe
 219 0005 13       		.uleb128 0x13
 220 0006 0B       		.uleb128 0xb
 221 0007 03       		.uleb128 0x3
 222 0008 0E       		.uleb128 0xe
 223 0009 1B       		.uleb128 0x1b
 224 000a 0E       		.uleb128 0xe
 225 000b 55       		.uleb128 0x55
 226 000c 17       		.uleb128 0x17
 227 000d 11       		.uleb128 0x11
 228 000e 01       		.uleb128 0x1
 229 000f 10       		.uleb128 0x10
 230 0010 17       		.uleb128 0x17
 231 0011 00       		.byte	0
 232 0012 00       		.byte	0
 233 0013 02       		.uleb128 0x2
 234 0014 24       		.uleb128 0x24
 235 0015 00       		.byte	0
 236 0016 0B       		.uleb128 0xb
 237 0017 0B       		.uleb128 0xb
 238 0018 3E       		.uleb128 0x3e
 239 0019 0B       		.uleb128 0xb
 240 001a 03       		.uleb128 0x3
 241 001b 0E       		.uleb128 0xe
 242 001c 00       		.byte	0
 243 001d 00       		.byte	0
 244 001e 03       		.uleb128 0x3
 245 001f 24       		.uleb128 0x24
 246 0020 00       		.byte	0
 247 0021 0B       		.uleb128 0xb
 248 0022 0B       		.uleb128 0xb
 249 0023 3E       		.uleb128 0x3e
 250 0024 0B       		.uleb128 0xb
 251 0025 03       		.uleb128 0x3
 252 0026 08       		.uleb128 0x8
 253 0027 00       		.byte	0
 254 0028 00       		.byte	0
 255 0029 04       		.uleb128 0x4
ARM GAS  C:\Users\kratz\AppData\Local\Temp\ccMlMLGl.s 			page 7


 256 002a 16       		.uleb128 0x16
 257 002b 00       		.byte	0
 258 002c 03       		.uleb128 0x3
 259 002d 0E       		.uleb128 0xe
 260 002e 3A       		.uleb128 0x3a
 261 002f 0B       		.uleb128 0xb
 262 0030 3B       		.uleb128 0x3b
 263 0031 05       		.uleb128 0x5
 264 0032 49       		.uleb128 0x49
 265 0033 13       		.uleb128 0x13
 266 0034 00       		.byte	0
 267 0035 00       		.byte	0
 268 0036 05       		.uleb128 0x5
 269 0037 35       		.uleb128 0x35
 270 0038 00       		.byte	0
 271 0039 49       		.uleb128 0x49
 272 003a 13       		.uleb128 0x13
 273 003b 00       		.byte	0
 274 003c 00       		.byte	0
 275 003d 06       		.uleb128 0x6
 276 003e 2E       		.uleb128 0x2e
 277 003f 01       		.byte	0x1
 278 0040 3F       		.uleb128 0x3f
 279 0041 19       		.uleb128 0x19
 280 0042 03       		.uleb128 0x3
 281 0043 0E       		.uleb128 0xe
 282 0044 3A       		.uleb128 0x3a
 283 0045 0B       		.uleb128 0xb
 284 0046 3B       		.uleb128 0x3b
 285 0047 0B       		.uleb128 0xb
 286 0048 27       		.uleb128 0x27
 287 0049 19       		.uleb128 0x19
 288 004a 11       		.uleb128 0x11
 289 004b 01       		.uleb128 0x1
 290 004c 12       		.uleb128 0x12
 291 004d 06       		.uleb128 0x6
 292 004e 40       		.uleb128 0x40
 293 004f 18       		.uleb128 0x18
 294 0050 9742     		.uleb128 0x2117
 295 0052 19       		.uleb128 0x19
 296 0053 01       		.uleb128 0x1
 297 0054 13       		.uleb128 0x13
 298 0055 00       		.byte	0
 299 0056 00       		.byte	0
 300 0057 07       		.uleb128 0x7
 301 0058 34       		.uleb128 0x34
 302 0059 00       		.byte	0
 303 005a 03       		.uleb128 0x3
 304 005b 0E       		.uleb128 0xe
 305 005c 3A       		.uleb128 0x3a
 306 005d 0B       		.uleb128 0xb
 307 005e 3B       		.uleb128 0x3b
 308 005f 0B       		.uleb128 0xb
 309 0060 49       		.uleb128 0x49
 310 0061 13       		.uleb128 0x13
 311 0062 02       		.uleb128 0x2
 312 0063 17       		.uleb128 0x17
ARM GAS  C:\Users\kratz\AppData\Local\Temp\ccMlMLGl.s 			page 8


 313 0064 00       		.byte	0
 314 0065 00       		.byte	0
 315 0066 08       		.uleb128 0x8
 316 0067 34       		.uleb128 0x34
 317 0068 00       		.byte	0
 318 0069 03       		.uleb128 0x3
 319 006a 0E       		.uleb128 0xe
 320 006b 3A       		.uleb128 0x3a
 321 006c 0B       		.uleb128 0xb
 322 006d 3B       		.uleb128 0x3b
 323 006e 0B       		.uleb128 0xb
 324 006f 49       		.uleb128 0x49
 325 0070 13       		.uleb128 0x13
 326 0071 3F       		.uleb128 0x3f
 327 0072 19       		.uleb128 0x19
 328 0073 02       		.uleb128 0x2
 329 0074 18       		.uleb128 0x18
 330 0075 00       		.byte	0
 331 0076 00       		.byte	0
 332 0077 00       		.byte	0
 333              		.section	.debug_loc,"",%progbits
 334              	.Ldebug_loc0:
 335              	.LLST0:
 336 0000 06000000 		.4byte	.LVL0
 337 0004 2C000000 		.4byte	.LVL1
 338 0008 0100     		.2byte	0x1
 339 000a 53       		.byte	0x53
 340 000b 00000000 		.4byte	0
 341 000f 00000000 		.4byte	0
 342              		.section	.debug_aranges,"",%progbits
 343 0000 1C000000 		.4byte	0x1c
 344 0004 0200     		.2byte	0x2
 345 0006 00000000 		.4byte	.Ldebug_info0
 346 000a 04       		.byte	0x4
 347 000b 00       		.byte	0
 348 000c 0000     		.2byte	0
 349 000e 0000     		.2byte	0
 350 0010 00000000 		.4byte	.LFB1
 351 0014 44000000 		.4byte	.LFE1-.LFB1
 352 0018 00000000 		.4byte	0
 353 001c 00000000 		.4byte	0
 354              		.section	.debug_ranges,"",%progbits
 355              	.Ldebug_ranges0:
 356 0000 00000000 		.4byte	.LFB1
 357 0004 44000000 		.4byte	.LFE1
 358 0008 00000000 		.4byte	0
 359 000c 00000000 		.4byte	0
 360              		.section	.debug_line,"",%progbits
 361              	.Ldebug_line0:
 362 0000 69000000 		.section	.debug_str,"MS",%progbits,1
 362      02004800 
 362      00000201 
 362      FB0E0D00 
 362      01010101 
 363              	.LASF6:
 364 0000 6C6F6E67 		.ascii	"long long int\000"
 364      206C6F6E 
ARM GAS  C:\Users\kratz\AppData\Local\Temp\ccMlMLGl.s 			page 9


 364      6720696E 
 364      7400
 365              	.LASF19:
 366 000e 433A5C55 		.ascii	"C:\\Users\\kratz\\OneDrive\\Documents\\PSoC Creator"
 366      73657273 
 366      5C6B7261 
 366      747A5C4F 
 366      6E654472 
 367 003c 5C48616E 		.ascii	"\\Hand_Board_PY2023\\HandBoard_Rev1.cydsn\000"
 367      645F426F 
 367      6172645F 
 367      50593230 
 367      32335C48 
 368              	.LASF8:
 369 0064 756E7369 		.ascii	"unsigned int\000"
 369      676E6564 
 369      20696E74 
 369      00
 370              	.LASF20:
 371 0071 51756164 		.ascii	"QuadDec_ISR\000"
 371      4465635F 
 371      49535200 
 372              	.LASF9:
 373 007d 75696E74 		.ascii	"uint8\000"
 373      3800
 374              	.LASF5:
 375 0083 6C6F6E67 		.ascii	"long unsigned int\000"
 375      20756E73 
 375      69676E65 
 375      6420696E 
 375      7400
 376              	.LASF7:
 377 0095 6C6F6E67 		.ascii	"long long unsigned int\000"
 377      206C6F6E 
 377      6720756E 
 377      7369676E 
 377      65642069 
 378              	.LASF11:
 379 00ac 666C6F61 		.ascii	"float\000"
 379      7400
 380              	.LASF21:
 381 00b2 51756164 		.ascii	"QuadDec_swStatus\000"
 381      4465635F 
 381      73775374 
 381      61747573 
 381      00
 382              	.LASF1:
 383 00c3 756E7369 		.ascii	"unsigned char\000"
 383      676E6564 
 383      20636861 
 383      7200
 384              	.LASF13:
 385 00d1 63686172 		.ascii	"char\000"
 385      00
 386              	.LASF4:
 387 00d6 6C6F6E67 		.ascii	"long int\000"
 387      20696E74 
ARM GAS  C:\Users\kratz\AppData\Local\Temp\ccMlMLGl.s 			page 10


 387      00
 388              	.LASF22:
 389 00df 51756164 		.ascii	"QuadDec_count32SoftPart\000"
 389      4465635F 
 389      636F756E 
 389      74333253 
 389      6F667450 
 390              	.LASF12:
 391 00f7 646F7562 		.ascii	"double\000"
 391      6C6500
 392              	.LASF17:
 393 00fe 474E5520 		.ascii	"GNU C11 5.4.1 20160609 (release) [ARM/embedded-5-br"
 393      43313120 
 393      352E342E 
 393      31203230 
 393      31363036 
 394 0131 616E6368 		.ascii	"anch revision 237715] -mcpu=cortex-m0 -mthumb -g -O"
 394      20726576 
 394      6973696F 
 394      6E203233 
 394      37373135 
 395 0164 67202D66 		.ascii	"g -ffunction-sections -ffat-lto-objects\000"
 395      66756E63 
 395      74696F6E 
 395      2D736563 
 395      74696F6E 
 396              	.LASF3:
 397 018c 73686F72 		.ascii	"short unsigned int\000"
 397      7420756E 
 397      7369676E 
 397      65642069 
 397      6E7400
 398              	.LASF0:
 399 019f 7369676E 		.ascii	"signed char\000"
 399      65642063 
 399      68617200 
 400              	.LASF18:
 401 01ab 47656E65 		.ascii	"Generated_Source\\PSoC4\\QuadDec_INT.c\000"
 401      72617465 
 401      645F536F 
 401      75726365 
 401      5C50536F 
 402              	.LASF15:
 403 01d0 6C6F6E67 		.ascii	"long double\000"
 403      20646F75 
 403      626C6500 
 404              	.LASF2:
 405 01dc 73686F72 		.ascii	"short int\000"
 405      7420696E 
 405      7400
 406              	.LASF14:
 407 01e6 72656738 		.ascii	"reg8\000"
 407      00
 408              	.LASF16:
 409 01eb 73697A65 		.ascii	"sizetype\000"
 409      74797065 
 409      00
ARM GAS  C:\Users\kratz\AppData\Local\Temp\ccMlMLGl.s 			page 11


 410              	.LASF10:
 411 01f4 696E7433 		.ascii	"int32\000"
 411      3200
 412              		.ident	"GCC: (GNU Tools for ARM Embedded Processors) 5.4.1 20160609 (release) [ARM/embedded-5-bran
