Loading plugins phase: Elapsed time ==> 0s.162ms
<CYPRESSTAG name="CyDsfit arguments...">
cydsfit arguments: -.fdsnotice -.fdswarpdepfile=warp_dependencies.txt -.fdselabdepfile=elab_dependencies.txt -.fdsbldfile=generated_files.txt -.fdsreffile=referenced_files.txt -p C:\Users\kratz\OneDrive\Documents\PSoC Creator\Hand_Board_PY2023\HandBoard_Rev1.cydsn\HandBoard_Rev1.cyprj -d CY8C4248BZI-L489 -s C:\Users\kratz\OneDrive\Documents\PSoC Creator\Hand_Board_PY2023\HandBoard_Rev1.cydsn\Generated_Source\PSoC4 -- -yv2 -q10 -ygs -o2 -v3 -.fftcfgtype=LE
</CYPRESSTAG>
<CYPRESSTAG name="Design elaboration results...">
ADD: sdb.M0018: error: Multiple drivers on signal "Net_1096", bit(s) "0, 1".
 * C:\Users\kratz\OneDrive\Documents\PSoC Creator\Hand_Board_PY2023\HandBoard_Rev1.cydsn\TopDesign\TopDesign.cysch (Signal: Net_1096)
 * C:\Users\kratz\OneDrive\Documents\PSoC Creator\Hand_Board_PY2023\HandBoard_Rev1.cydsn\TopDesign\TopDesign.cysch (Shape_13.4)
 * C:\Users\kratz\OneDrive\Documents\PSoC Creator\Hand_Board_PY2023\HandBoard_Rev1.cydsn\TopDesign\TopDesign.cysch (Shape_135.1)
 * C:\Users\kratz\OneDrive\Documents\PSoC Creator\Hand_Board_PY2023\HandBoard_Rev1.cydsn\TopDesign\TopDesign.cysch (Shape_150.4)
 * C:\Users\kratz\OneDrive\Documents\PSoC Creator\Hand_Board_PY2023\HandBoard_Rev1.cydsn\TopDesign\TopDesign.cysch (Shape_17)
 * C:\Users\kratz\OneDrive\Documents\PSoC Creator\Hand_Board_PY2023\HandBoard_Rev1.cydsn\TopDesign\TopDesign.cysch (Shape_18)
 * C:\Users\kratz\OneDrive\Documents\PSoC Creator\Hand_Board_PY2023\HandBoard_Rev1.cydsn\TopDesign\TopDesign.cysch (Shape_19)
 * C:\Users\kratz\OneDrive\Documents\PSoC Creator\Hand_Board_PY2023\HandBoard_Rev1.cydsn\TopDesign\TopDesign.cysch (Shape_199.4)
 * C:\Users\kratz\OneDrive\Documents\PSoC Creator\Hand_Board_PY2023\HandBoard_Rev1.cydsn\TopDesign\TopDesign.cysch (Shape_20)
 * C:\Users\kratz\OneDrive\Documents\PSoC Creator\Hand_Board_PY2023\HandBoard_Rev1.cydsn\TopDesign\TopDesign.cysch (Shape_21)
 * C:\Users\kratz\OneDrive\Documents\PSoC Creator\Hand_Board_PY2023\HandBoard_Rev1.cydsn\TopDesign\TopDesign.cysch (Shape_341)
 * C:\Users\kratz\OneDrive\Documents\PSoC Creator\Hand_Board_PY2023\HandBoard_Rev1.cydsn\TopDesign\TopDesign.cysch (Shape_342)
 * C:\Users\kratz\OneDrive\Documents\PSoC Creator\Hand_Board_PY2023\HandBoard_Rev1.cydsn\TopDesign\TopDesign.cysch (Shape_346)

ADD: sdb.M0024: error: Terminal "not_7.outTerminal" with width 1 is connected to "Net_1096[2:0]" with width 3.
 * C:\Users\kratz\OneDrive\Documents\PSoC Creator\Hand_Board_PY2023\HandBoard_Rev1.cydsn\TopDesign\TopDesign.cysch (Signal: Net_1096)
 * C:\Users\kratz\OneDrive\Documents\PSoC Creator\Hand_Board_PY2023\HandBoard_Rev1.cydsn\TopDesign\TopDesign.cysch (Shape_13.4)
 * C:\Users\kratz\OneDrive\Documents\PSoC Creator\Hand_Board_PY2023\HandBoard_Rev1.cydsn\TopDesign\TopDesign.cysch (Shape_135.1)
 * C:\Users\kratz\OneDrive\Documents\PSoC Creator\Hand_Board_PY2023\HandBoard_Rev1.cydsn\TopDesign\TopDesign.cysch (Shape_17)
 * C:\Users\kratz\OneDrive\Documents\PSoC Creator\Hand_Board_PY2023\HandBoard_Rev1.cydsn\TopDesign\TopDesign.cysch (Shape_18)
 * C:\Users\kratz\OneDrive\Documents\PSoC Creator\Hand_Board_PY2023\HandBoard_Rev1.cydsn\TopDesign\TopDesign.cysch (Shape_19)
 * C:\Users\kratz\OneDrive\Documents\PSoC Creator\Hand_Board_PY2023\HandBoard_Rev1.cydsn\TopDesign\TopDesign.cysch (Shape_20)
 * C:\Users\kratz\OneDrive\Documents\PSoC Creator\Hand_Board_PY2023\HandBoard_Rev1.cydsn\TopDesign\TopDesign.cysch (Shape_21)
 * C:\Users\kratz\OneDrive\Documents\PSoC Creator\Hand_Board_PY2023\HandBoard_Rev1.cydsn\TopDesign\TopDesign.cysch (Shape_346)

</CYPRESSTAG>
Elaboration phase: Elapsed time ==> 1s.283ms
